#
# A fatal error has been detected by the Java Runtime Environment:
#
#  SIGSEGV (0xb) at pc=0x00007f31116f9580, pid=25993, tid=139848727004928
#
# JRE version: OpenJDK Runtime Environment (8.0_91-b14) (build 1.8.0_91-8u91-b14-3ubuntu1~16.04.1-b14)
# Java VM: OpenJDK 64-Bit Server VM (25.91-b14 mixed mode linux-amd64 compressed oops)
# Problematic frame:
# C  [libvlc.so.5.5.0+0x11580]  libvlc_media_get_mrl+0x0
#
# Failed to write core dump. Core dumps have been disabled. To enable core dumping, try "ulimit -c unlimited" before starting Java again
#
# If you would like to submit a bug report, please visit:
#   http://bugreport.java.com/bugreport/crash.jsp
# The crash happened outside the Java Virtual Machine in native code.
# See problematic frame for where to report the bug.
#

---------------  T H R E A D  ---------------

Current thread (0x00007f31302e8000):  JavaThread "AWT-EventQueue-0" [_thread_in_native, id=26020, stack(0x00007f3111a20000,0x00007f3111b21000)]

siginfo: si_signo: 11 (SIGSEGV), si_code: 1 (SEGV_MAPERR), si_addr: 0x0000000000000108

Registers:
RAX=0x0000000000000000, RBX=0x00007f3111b1aa20, RCX=0x0000000100000000, RDX=0x0000000100000007
RSP=0x00007f3111b1a8f8, RBP=0x00007f3111b1a900, RSI=0x00007f313850ec9e, RDI=0x0000000000000100
R8 =0x0000000100000001, R9 =0x00000000ec396018, R10=0x00007f3111b1a850, R11=0x00007f31116f9580
R12=0x0000000000000001, R13=0x0000000000000000, R14=0x0000000000000001, R15=0x00007f3111b1b2f0
RIP=0x00007f31116f9580, EFLAGS=0x0000000000010246, CSGSFS=0x0000000000000033, ERR=0x0000000000000004
  TRAPNO=0x000000000000000e

Top of Stack: (sp=0x00007f3111b1a8f8)
0x00007f3111b1a8f8:   00007f311191a7a0 000000000000000e
0x00007f3111b1a908:   00007f3111b1b370 00007f3111b1a9f0
0x00007f3111b1a918:   00007f311191a29b 0000000000000000
0x00007f3111b1a928:   00007f3111b1b2f0 00007f3111b1a850
0x00007f3111b1a938:   00007f3111b1aa70 00007f3111b1a9bc
0x00007f3111b1a948:   00007f3111b1a9b8 00007f3111b1a9a0
0x00007f3111b1a958:   00007f3111b1aa00 00007f3111b1b370
0x00007f3111b1a968:   00007f31116f9580 00007f3111b1a900
0x00007f3111b1a978:   00007f3111b1aa20 0000000100000001
0x00007f3111b1a988:   0000000100000000 0000000100000001
0x00007f3111b1a998:   00007f3111b1a9a4 0000000000000001
0x00007f3111b1a9a8:   00007f30b410f870 00007f3111b1aa78
0x00007f3111b1a9b8:   0000000100000000 00007f3111b1aa28
0x00007f3111b1a9c8:   0000000000000000 00007f3111b1aa78
0x00007f3111b1a9d8:   00007f3111b1aa08 00007f3111b1aa28
0x00007f3111b1a9e8:   0000000000000001 00007f3111b1b360
0x00007f3111b1a9f8:   00007f311190de41 00007f3111b1aa70
0x00007f3111b1aa08:   000000000000014b 00007f30b404a9a0
0x00007f3111b1aa18:   00007f31116e8b40 00007f311191ceb0
0x00007f3111b1aa28:   00007f31397b047b 000000000000014b
0x00007f3111b1aa38:   00007f31116eb0c0 00007f30b404a9a0
0x00007f3111b1aa48:   00007f31302e8000 00007f3111b1aa80
0x00007f3111b1aa58:   00007f31382cf529 0000000000000001
0x00007f3111b1aa68:   00007f3111be44b8 0000000000000100
0x00007f3111b1aa78:   00007f3111be44b8 00007f3111b1b360
0x00007f3111b1aa88:   00007f311190dc79 00007f3100000029
0x00007f3111b1aa98:   00007f3111b1b2f0 00007f3111b1b370
0x00007f3111b1aaa8:   00007f311191ceb0 00007f3111b1b418
0x00007f3111b1aab8:   0000000011b1abb0 00007f31116f9580
0x00007f3111b1aac8:   00007f31302e81e0 00007f3111b1aa40
0x00007f3111b1aad8:   00007f3111b1aa20 00007f3111b1aa00
0x00007f3111b1aae8:   0000000100000000 00007f3111b1b960 

Instructions: (pc=0x00007f31116f9580)
0x00007f31116f9560:   83 47 10 01 c3 90 66 2e 0f 1f 84 00 00 00 00 00
0x00007f31116f9570:   48 8b 77 08 48 8b 7f 18 e9 53 fa ff ff 0f 1f 00
0x00007f31116f9580:   48 8b 7f 08 e9 f7 58 ff ff 0f 1f 80 00 00 00 00
0x00007f31116f9590:   55 53 48 89 fd 48 83 ec 08 83 fe 0c 74 52 48 8d 

Register to memory mapping:

RAX=0x0000000000000000 is an unknown value
RBX=0x00007f3111b1aa20 is pointing into the stack for thread: 0x00007f31302e8000
RCX=0x0000000100000000 is pointing into metadata
RDX=0x0000000100000007 is pointing into metadata
RSP=0x00007f3111b1a8f8 is pointing into the stack for thread: 0x00007f31302e8000
RBP=0x00007f3111b1a900 is pointing into the stack for thread: 0x00007f31302e8000
RSI=0x00007f313850ec9e: <offset 0x8acc9e> in /usr/lib/jvm/java-8-openjdk-amd64/jre/lib/amd64/server/libjvm.so at 0x00007f3137c62000
RDI=0x0000000000000100 is an unknown value
R8 =0x0000000100000001 is pointing into metadata
R9 =0x00000000ec396018 is an oop
java.lang.String 
 - klass: 'java/lang/String'
R10=0x00007f3111b1a850 is pointing into the stack for thread: 0x00007f31302e8000
R11=0x00007f31116f9580: libvlc_media_get_mrl+0 in /usr/lib/libvlc.so.5.5.0 at 0x00007f31116e8000
R12=0x0000000000000001 is an unknown value
R13=0x0000000000000000 is an unknown value
R14=0x0000000000000001 is an unknown value
R15=0x00007f3111b1b2f0 is pointing into the stack for thread: 0x00007f31302e8000


Stack: [0x00007f3111a20000,0x00007f3111b21000],  sp=0x00007f3111b1a8f8,  free space=1002k
Native frames: (J=compiled Java code, j=interpreted, Vv=VM code, C=native code)
C  [libvlc.so.5.5.0+0x11580]  libvlc_media_get_mrl+0x0
C  0x00007f3111b1b370

Java frames: (J=compiled Java code, j=interpreted, Vv=VM code)
j  com.sun.jna.Native.invokePointer(JI[Ljava/lang/Object;)J+0
j  com.sun.jna.Function.invokePointer(I[Ljava/lang/Object;)Lcom/sun/jna/Pointer;+6
j  com.sun.jna.Function.invoke([Ljava/lang/Object;Ljava/lang/Class;Z)Ljava/lang/Object;+426
j  com.sun.jna.Function.invoke(Ljava/lang/Class;[Ljava/lang/Object;Ljava/util/Map;)Ljava/lang/Object;+262
j  com.sun.jna.Library$Handler.invoke(Ljava/lang/Object;Ljava/lang/reflect/Method;[Ljava/lang/Object;)Ljava/lang/Object;+316
j  com.sun.proxy.$Proxy0.libvlc_media_get_mrl(Luk/co/caprica/vlcj/binding/internal/libvlc_media_t;)Lcom/sun/jna/Pointer;+16
j  uk.co.caprica.vlcj.player.DefaultMediaPlayer.mrl(Luk/co/caprica/vlcj/binding/internal/libvlc_media_t;)Ljava/lang/String;+23
j  uk.co.caprica.vlcj.player.events.MediaPlayerEventFactory.createEvent(Luk/co/caprica/vlcj/binding/internal/libvlc_event_t;I)Luk/co/caprica/vlcj/player/events/MediaPlayerEvent;+176
j  uk.co.caprica.vlcj.player.DefaultMediaPlayer$EventCallback.callback(Luk/co/caprica/vlcj/binding/internal/libvlc_event_t;Lcom/sun/jna/Pointer;)V+32
v  ~StubRoutines::call_stub
j  sun.reflect.NativeMethodAccessorImpl.invoke0(Ljava/lang/reflect/Method;Ljava/lang/Object;[Ljava/lang/Object;)Ljava/lang/Object;+0
j  sun.reflect.NativeMethodAccessorImpl.invoke(Ljava/lang/Object;[Ljava/lang/Object;)Ljava/lang/Object;+100
j  sun.reflect.DelegatingMethodAccessorImpl.invoke(Ljava/lang/Object;[Ljava/lang/Object;)Ljava/lang/Object;+6
j  java.lang.reflect.Method.invoke(Ljava/lang/Object;[Ljava/lang/Object;)Ljava/lang/Object;+56
j  com.sun.jna.CallbackReference$DefaultCallbackProxy.invokeCallback([Ljava/lang/Object;)Ljava/lang/Object;+127
j  com.sun.jna.CallbackReference$DefaultCallbackProxy.callback([Ljava/lang/Object;)Ljava/lang/Object;+2
v  ~StubRoutines::call_stub
j  com.sun.jna.Native.invokeVoid(JI[Ljava/lang/Object;)V+0
j  com.sun.jna.Function.invoke([Ljava/lang/Object;Ljava/lang/Class;Z)Ljava/lang/Object;+30
j  com.sun.jna.Function.invoke(Ljava/lang/Class;[Ljava/lang/Object;Ljava/util/Map;)Ljava/lang/Object;+262
j  com.sun.jna.Library$Handler.invoke(Ljava/lang/Object;Ljava/lang/reflect/Method;[Ljava/lang/Object;)Ljava/lang/Object;+316
j  com.sun.proxy.$Proxy0.libvlc_media_player_set_media(Luk/co/caprica/vlcj/binding/internal/libvlc_media_player_t;Luk/co/caprica/vlcj/binding/internal/libvlc_media_t;)V+20
j  uk.co.caprica.vlcj.player.DefaultMediaPlayer.setMedia(Ljava/lang/String;[Ljava/lang/String;)Z+290
j  uk.co.caprica.vlcj.player.DefaultMediaPlayer.prepareMedia(Ljava/lang/String;[Ljava/lang/String;)Z+23
j  uk.co.caprica.vlcj.player.DefaultMediaPlayer.playMedia(Ljava/lang/String;[Ljava/lang/String;)Z+23
j  VideoPlayer.actionPerformed(Ljava/awt/event/ActionEvent;)V+697
j  javax.swing.AbstractButton.fireActionPerformed(Ljava/awt/event/ActionEvent;)V+83
j  javax.swing.AbstractButton$Handler.actionPerformed(Ljava/awt/event/ActionEvent;)V+5
j  javax.swing.DefaultButtonModel.fireActionPerformed(Ljava/awt/event/ActionEvent;)V+34
j  javax.swing.DefaultButtonModel.setPressed(Z)V+117
j  javax.swing.plaf.basic.BasicButtonListener.mouseReleased(Ljava/awt/event/MouseEvent;)V+35
j  java.awt.Component.processMouseEvent(Ljava/awt/event/MouseEvent;)V+64
j  javax.swing.JComponent.processMouseEvent(Ljava/awt/event/MouseEvent;)V+23
j  java.awt.Component.processEvent(Ljava/awt/AWTEvent;)V+81
j  java.awt.Container.processEvent(Ljava/awt/AWTEvent;)V+18
j  java.awt.Component.dispatchEventImpl(Ljava/awt/AWTEvent;)V+589
j  java.awt.Container.dispatchEventImpl(Ljava/awt/AWTEvent;)V+42
j  java.awt.Component.dispatchEvent(Ljava/awt/AWTEvent;)V+2
j  java.awt.LightweightDispatcher.retargetMouseEvent(Ljava/awt/Component;ILjava/awt/event/MouseEvent;)V+327
j  java.awt.LightweightDispatcher.processMouseEvent(Ljava/awt/event/MouseEvent;)Z+155
j  java.awt.LightweightDispatcher.dispatchEvent(Ljava/awt/AWTEvent;)Z+50
j  java.awt.Container.dispatchEventImpl(Ljava/awt/AWTEvent;)V+12
j  java.awt.Window.dispatchEventImpl(Ljava/awt/AWTEvent;)V+19
j  java.awt.Component.dispatchEvent(Ljava/awt/AWTEvent;)V+2
j  java.awt.EventQueue.dispatchEventImpl(Ljava/awt/AWTEvent;Ljava/lang/Object;)V+41
j  java.awt.EventQueue.access$500(Ljava/awt/EventQueue;Ljava/awt/AWTEvent;Ljava/lang/Object;)V+3
j  java.awt.EventQueue$3.run()Ljava/lang/Void;+32
j  java.awt.EventQueue$3.run()Ljava/lang/Object;+1
v  ~StubRoutines::call_stub
j  java.security.AccessController.doPrivileged(Ljava/security/PrivilegedAction;Ljava/security/AccessControlContext;)Ljava/lang/Object;+0
j  java.security.ProtectionDomain$JavaSecurityAccessImpl.doIntersectionPrivilege(Ljava/security/PrivilegedAction;Ljava/security/AccessControlContext;Ljava/security/AccessControlContext;)Ljava/lang/Object;+18
j  java.security.ProtectionDomain$JavaSecurityAccessImpl.doIntersectionPrivilege(Ljava/security/PrivilegedAction;Ljava/security/AccessControlContext;)Ljava/lang/Object;+6
j  java.awt.EventQueue$4.run()Ljava/lang/Void;+11
j  java.awt.EventQueue$4.run()Ljava/lang/Object;+1
v  ~StubRoutines::call_stub
j  java.security.AccessController.doPrivileged(Ljava/security/PrivilegedAction;Ljava/security/AccessControlContext;)Ljava/lang/Object;+0
j  java.security.ProtectionDomain$JavaSecurityAccessImpl.doIntersectionPrivilege(Ljava/security/PrivilegedAction;Ljava/security/AccessControlContext;Ljava/security/AccessControlContext;)Ljava/lang/Object;+18
j  java.awt.EventQueue.dispatchEvent(Ljava/awt/AWTEvent;)V+73
j  java.awt.EventDispatchThread.pumpOneEventForFilters(I)V+245
j  java.awt.EventDispatchThread.pumpEventsForFilter(ILjava/awt/Conditional;Ljava/awt/EventFilter;)V+35
j  java.awt.EventDispatchThread.pumpEventsForHierarchy(ILjava/awt/Conditional;Ljava/awt/Component;)V+11
j  java.awt.EventDispatchThread.pumpEvents(ILjava/awt/Conditional;)V+4
j  java.awt.EventDispatchThread.pumpEvents(Ljava/awt/Conditional;)V+3
j  java.awt.EventDispatchThread.run()V+9
v  ~StubRoutines::call_stub

---------------  P R O C E S S  ---------------

Java Threads: ( => current thread )
  0x00007f30b4260800 JavaThread "TimerQueue" daemon [_thread_blocked, id=26022, stack(0x00007f3110039000,0x00007f311013a000)]
  0x00007f313000a000 JavaThread "DestroyJavaVM" [_thread_blocked, id=25998, stack(0x00007f31398ab000,0x00007f31399ac000)]
=>0x00007f31302e8000 JavaThread "AWT-EventQueue-0" [_thread_in_native, id=26020, stack(0x00007f3111a20000,0x00007f3111b21000)]
  0x00007f31302b0800 JavaThread "AWT-Shutdown" [_thread_blocked, id=26019, stack(0x00007f311244d000,0x00007f311254e000)]
  0x00007f3130275000 JavaThread "AWT-XAWT" daemon [_thread_in_Java, id=26018, stack(0x00007f311254e000,0x00007f311264f000)]
  0x00007f313024e800 JavaThread "Java2D Disposer" daemon [_thread_blocked, id=26017, stack(0x00007f3112a5f000,0x00007f3112b60000)]
  0x00007f31300cb800 JavaThread "Service Thread" daemon [_thread_blocked, id=26015, stack(0x00007f3118a83000,0x00007f3118b84000)]
  0x00007f31300be800 JavaThread "C1 CompilerThread3" daemon [_thread_in_vm, id=26014, stack(0x00007f3118b84000,0x00007f3118c85000)]
  0x00007f31300ba000 JavaThread "C2 CompilerThread2" daemon [_thread_blocked, id=26013, stack(0x00007f3118c85000,0x00007f3118d86000)]
  0x00007f31300b8000 JavaThread "C2 CompilerThread1" daemon [_thread_blocked, id=26012, stack(0x00007f3118d86000,0x00007f3118e87000)]
  0x00007f31300b5000 JavaThread "C2 CompilerThread0" daemon [_thread_blocked, id=26011, stack(0x00007f3118e87000,0x00007f3118f88000)]
  0x00007f31300b3000 JavaThread "Signal Dispatcher" daemon [_thread_blocked, id=26010, stack(0x00007f3118f88000,0x00007f3119089000)]
  0x00007f313008b800 JavaThread "Finalizer" daemon [_thread_blocked, id=26009, stack(0x00007f3119a48000,0x00007f3119b49000)]
  0x00007f3130087000 JavaThread "Reference Handler" daemon [_thread_blocked, id=26008, stack(0x00007f3119b49000,0x00007f3119c4a000)]

Other Threads:
  0x00007f313007f800 VMThread [stack: 0x00007f3119c4a000,0x00007f3119d4b000] [id=26007]
  0x00007f31300ce000 WatcherThread [stack: 0x00007f3118982000,0x00007f3118a83000] [id=26016]

VM state:not at safepoint (normal execution)

VM Mutex/Monitor currently owned by a thread: None

Heap:
 PSYoungGen      total 17920K, used 13658K [0x00000000ec380000, 0x00000000ed780000, 0x0000000100000000)
  eden space 15360K, 88% used [0x00000000ec380000,0x00000000ed0d6858,0x00000000ed280000)
  from space 2560K, 0% used [0x00000000ed500000,0x00000000ed500000,0x00000000ed780000)
  to   space 2560K, 0% used [0x00000000ed280000,0x00000000ed280000,0x00000000ed500000)
 ParOldGen       total 40960K, used 0K [0x00000000c4a00000, 0x00000000c7200000, 0x00000000ec380000)
  object space 40960K, 0% used [0x00000000c4a00000,0x00000000c4a00000,0x00000000c7200000)
 Metaspace       used 12379K, capacity 12564K, committed 12800K, reserved 1060864K
  class space    used 1407K, capacity 1478K, committed 1536K, reserved 1048576K

Card table byte_map: [0x00007f3135d94000,0x00007f3135f70000] byte_map_base: 0x00007f313576f000

Marking Bits: (ParMarkBitMap*) 0x00007f3138b76fc0
 Begin Bits: [0x00007f311a250000, 0x00007f311b128000)
 End Bits:   [0x00007f311b128000, 0x00007f311c000000)

Polling page: 0x00007f31399c8000

CodeCache: size=245760Kb used=2805Kb max_used=2805Kb free=242954Kb
 bounds [0x00007f3121000000, 0x00007f31212c0000, 0x00007f3130000000]
 total_blobs=1330 nmethods=791 adapters=454
 compilation: enabled

Compilation events (10 events):
Event: 2.361 Thread 0x00007f31300be800 nmethod 784 0x00007f31212b33d0 code [0x00007f31212b3540, 0x00007f31212b36b0]
Event: 2.362 Thread 0x00007f31300be800  785       3       java.lang.Character::charCount (12 bytes)
Event: 2.362 Thread 0x00007f31300be800 nmethod 785 0x00007f31212b3050 code [0x00007f31212b31c0, 0x00007f31212b3350]
Event: 2.362 Thread 0x00007f31300be800  787       3       java.util.HashMap$HashIterator::<init> (79 bytes)
Event: 2.362 Thread 0x00007f31300be800 nmethod 787 0x00007f31212b29d0 code [0x00007f31212b2b40, 0x00007f31212b2ed0]
Event: 2.362 Thread 0x00007f31300be800  786       1       java.util.HashMap::size (5 bytes)
Event: 2.363 Thread 0x00007f31300be800 nmethod 786 0x00007f31212b6850 code [0x00007f31212b69a0, 0x00007f31212b6ab0]
Event: 2.364 Thread 0x00007f31300be800  788   !   3       com.sun.jna.Native::getLibraryOptions (318 bytes)
Event: 2.366 Thread 0x00007f31300be800 nmethod 788 0x00007f31212b6b10 code [0x00007f31212b70a0, 0x00007f31212ba718]
Event: 2.366 Thread 0x00007f31300be800  789       3       java.lang.reflect.Field::get (51 bytes)

GC Heap History (0 events):
No events

Deoptimization events (6 events):
Event: 2.007 Thread 0x00007f31302e8000 Uncommon trap: reason=unstable_if action=reinterpret pc=0x00007f312125120c method=java.util.HashMap.getNode(ILjava/lang/Object;)Ljava/util/HashMap$Node; @ 129
Event: 2.007 Thread 0x00007f31302e8000 Uncommon trap: reason=unstable_if action=reinterpret pc=0x00007f312124dd28 method=java.util.HashMap.getNode(ILjava/lang/Object;)Ljava/util/HashMap$Node; @ 129
Event: 2.011 Thread 0x00007f31302e8000 Uncommon trap: reason=class_check action=maybe_recompile pc=0x00007f312125aa34 method=java.io.DataOutputStream.writeByte(I)V @ 5
Event: 2.011 Thread 0x00007f31302e8000 Uncommon trap: reason=class_check action=maybe_recompile pc=0x00007f312125aa34 method=java.io.DataOutputStream.writeByte(I)V @ 5
Event: 2.012 Thread 0x00007f31302e8000 Uncommon trap: reason=class_check action=maybe_recompile pc=0x00007f312125aa34 method=java.io.DataOutputStream.writeByte(I)V @ 5
Event: 2.012 Thread 0x00007f31302e8000 Uncommon trap: reason=class_check action=maybe_recompile pc=0x00007f312125aa34 method=java.io.DataOutputStream.writeByte(I)V @ 5

Internal exceptions (10 events):
Event: 0.095 Thread 0x00007f313000a000 Exception <a 'java/security/PrivilegedActionException'> (0x00000000ec46e750) thrown at [/build/openjdk-8-W1Ghxo/openjdk-8-8u91-b14/src/hotspot/src/share/vm/prims/jvm.cpp, line 1386]
Event: 0.095 Thread 0x00007f313000a000 Exception <a 'java/security/PrivilegedActionException'> (0x00000000ec46e960) thrown at [/build/openjdk-8-W1Ghxo/openjdk-8-8u91-b14/src/hotspot/src/share/vm/prims/jvm.cpp, line 1386]
Event: 0.135 Thread 0x00007f313000a000 Exception <a 'java/lang/NoSuchFieldError': method resolution failed> (0x00000000ec53bc38) thrown at [/build/openjdk-8-W1Ghxo/openjdk-8-8u91-b14/src/hotspot/src/share/vm/prims/methodHandles.cpp, line 1146]
Event: 0.137 Thread 0x00007f313000a000 Exception <a 'java/lang/NoSuchFieldError': method resolution failed> (0x00000000ec549438) thrown at [/build/openjdk-8-W1Ghxo/openjdk-8-8u91-b14/src/hotspot/src/share/vm/prims/methodHandles.cpp, line 1146]
Event: 0.155 Thread 0x00007f313000a000 Exception <a 'java/io/FileNotFoundException'> (0x00000000ec5c8668) thrown at [/build/openjdk-8-W1Ghxo/openjdk-8-8u91-b14/src/hotspot/src/share/vm/prims/jni.cpp, line 709]
Event: 0.155 Thread 0x00007f313000a000 Exception <a 'java/io/FileNotFoundException'> (0x00000000ec5c9088) thrown at [/build/openjdk-8-W1Ghxo/openjdk-8-8u91-b14/src/hotspot/src/share/vm/prims/jni.cpp, line 709]
Event: 0.168 Thread 0x00007f313000a000 Exception <a 'java/lang/ClassNotFoundException': sun/dc/DuctusRenderingEngine> (0x00000000ec5e20d8) thrown at [/build/openjdk-8-W1Ghxo/openjdk-8-8u91-b14/src/hotspot/src/share/vm/classfile/systemDictionary.cpp, line 210]
Event: 0.470 Thread 0x00007f31302e8000 Exception <a 'java/lang/UnsupportedOperationException': > (0x00000000ec81aa60) thrown at [/build/openjdk-8-W1Ghxo/openjdk-8-8u91-b14/src/hotspot/src/share/vm/prims/jni.cpp, line 735]
Event: 1.976 Thread 0x00007f31302e8000 Exception <a 'java/lang/UnsatisfiedLinkError': libvlc.so: cannot open shared object file: No such file or directory> (0x00000000ec9dd208) thrown at [/build/openjdk-8-W1Ghxo/openjdk-8-8u91-b14/src/hotspot/src/share/vm/prims/jni.cpp, line 735]
Event: 1.976 Thread 0x00007f31302e8000 Exception <a 'java/lang/UnsatisfiedLinkError': libvlc.so: cannot open shared object file: No such file or directory> (0x00000000ec9de6f0) thrown at [/build/openjdk-8-W1Ghxo/openjdk-8-8u91-b14/src/hotspot/src/share/vm/prims/jni.cpp, line 735]

Events (10 events):
Event: 2.360 loading class javax/swing/SwingHeavyWeight
Event: 2.360 loading class javax/swing/SwingHeavyWeight done
Event: 2.361 loading class uk/co/caprica/vlcj/player/MediaResourceLocator
Event: 2.361 loading class uk/co/caprica/vlcj/player/MediaResourceLocator done
Event: 2.365 loading class uk/co/caprica/vlcj/player/events/MediaPlayerEventFactory$1
Event: 2.365 loading class uk/co/caprica/vlcj/player/events/MediaPlayerEventFactory$1 done
Event: 2.366 loading class uk/co/caprica/vlcj/player/events/MediaPlayerMediaChangedEvent
Event: 2.366 loading class uk/co/caprica/vlcj/player/events/MediaPlayerMediaChangedEvent done
Event: 2.366 loading class uk/co/caprica/vlcj/player/events/AbstractMediaPlayerEvent
Event: 2.366 loading class uk/co/caprica/vlcj/player/events/AbstractMediaPlayerEvent done


Dynamic libraries:
00400000-00401000 r-xp 00000000 08:0b 297483                             /usr/lib/jvm/java-8-openjdk-amd64/jre/bin/java
00600000-00601000 r--p 00000000 08:0b 297483                             /usr/lib/jvm/java-8-openjdk-amd64/jre/bin/java
00601000-00602000 rw-p 00001000 08:0b 297483                             /usr/lib/jvm/java-8-openjdk-amd64/jre/bin/java
01533000-01554000 rw-p 00000000 00:00 0                                  [heap]
c4a00000-c7200000 rw-p 00000000 00:00 0 
c7200000-ec380000 ---p 00000000 00:00 0 
ec380000-ed780000 rw-p 00000000 00:00 0 
ed780000-100000000 ---p 00000000 00:00 0 
100000000-100180000 rw-p 00000000 00:00 0 
100180000-140000000 ---p 00000000 00:00 0 
7f30a0000000-7f30a0021000 rw-p 00000000 00:00 0 
7f30a0021000-7f30a4000000 ---p 00000000 00:00 0 
7f30a7ffe000-7f30abfff000 rw-s 00000000 00:14 10                         /dev/shm/pulse-shm-2040733241
7f30abfff000-7f30b0000000 rw-s 00000000 00:14 17                         /dev/shm/pulse-shm-340856972
7f30b0000000-7f30b0021000 rw-p 00000000 00:00 0 
7f30b0021000-7f30b4000000 ---p 00000000 00:00 0 
7f30b4000000-7f30b428b000 rw-p 00000000 00:00 0 
7f30b428b000-7f30b8000000 ---p 00000000 00:00 0 
7f30b8896000-7f30b8897000 ---p 00000000 00:00 0 
7f30b8897000-7f30b9097000 rw-p 00000000 00:00 0 
7f30b9097000-7f30b909d000 r-xp 00000000 08:0b 31619                      /usr/lib/vlc/plugins/audio_output/libpulse_plugin.so
7f30b909d000-7f30b929d000 ---p 00006000 08:0b 31619                      /usr/lib/vlc/plugins/audio_output/libpulse_plugin.so
7f30b929d000-7f30b929e000 r--p 00006000 08:0b 31619                      /usr/lib/vlc/plugins/audio_output/libpulse_plugin.so
7f30b929e000-7f30b929f000 rw-p 00007000 08:0b 31619                      /usr/lib/vlc/plugins/audio_output/libpulse_plugin.so
7f30b929f000-7f30b939f000 rw-p 00000000 00:00 0 
7f30b939f000-7f30b949f000 ---p 00000000 00:00 0 
7f30b949f000-7f30b94b6000 r-xp 00000000 08:0b 136536                     /lib/x86_64-linux-gnu/libusb-1.0.so.0.1.0
7f30b94b6000-7f30b96b5000 ---p 00017000 08:0b 136536                     /lib/x86_64-linux-gnu/libusb-1.0.so.0.1.0
7f30b96b5000-7f30b96b6000 r--p 00016000 08:0b 136536                     /lib/x86_64-linux-gnu/libusb-1.0.so.0.1.0
7f30b96b6000-7f30b96b7000 rw-p 00017000 08:0b 136536                     /lib/x86_64-linux-gnu/libusb-1.0.so.0.1.0
7f30b96b7000-7f30b970c000 r-xp 00000000 08:0b 400990                     /usr/lib/x86_64-linux-gnu/libmtp.so.9.3.0
7f30b970c000-7f30b990c000 ---p 00055000 08:0b 400990                     /usr/lib/x86_64-linux-gnu/libmtp.so.9.3.0
7f30b990c000-7f30b9914000 r--p 00055000 08:0b 400990                     /usr/lib/x86_64-linux-gnu/libmtp.so.9.3.0
7f30b9914000-7f30b991e000 rw-p 0005d000 08:0b 400990                     /usr/lib/x86_64-linux-gnu/libmtp.so.9.3.0
7f30b991e000-7f30b9920000 r-xp 00000000 08:0b 31479                      /usr/lib/vlc/plugins/services_discovery/libmtp_plugin.so
7f30b9920000-7f30b9b1f000 ---p 00002000 08:0b 31479                      /usr/lib/vlc/plugins/services_discovery/libmtp_plugin.so
7f30b9b1f000-7f30b9b20000 r--p 00001000 08:0b 31479                      /usr/lib/vlc/plugins/services_discovery/libmtp_plugin.so
7f30b9b20000-7f30b9b21000 rw-p 00002000 08:0b 31479                      /usr/lib/vlc/plugins/services_discovery/libmtp_plugin.so
7f30b9b21000-7f30b9b23000 r-xp 00000000 08:0b 401534                     /usr/lib/x86_64-linux-gnu/libxcb-shm.so.0.0.0
7f30b9b23000-7f30b9d23000 ---p 00002000 08:0b 401534                     /usr/lib/x86_64-linux-gnu/libxcb-shm.so.0.0.0
7f30b9d23000-7f30b9d24000 r--p 00002000 08:0b 401534                     /usr/lib/x86_64-linux-gnu/libxcb-shm.so.0.0.0
7f30b9d24000-7f30b9d25000 rw-p 00003000 08:0b 401534                     /usr/lib/x86_64-linux-gnu/libxcb-shm.so.0.0.0
7f30b9d25000-7f30b9d2b000 r-xp 00000000 08:0b 426788                     /usr/lib/x86_64-linux-gnu/libxcb-xv.so.0.0.0
7f30b9d2b000-7f30b9f2a000 ---p 00006000 08:0b 426788                     /usr/lib/x86_64-linux-gnu/libxcb-xv.so.0.0.0
7f30b9f2a000-7f30b9f2b000 r--p 00005000 08:0b 426788                     /usr/lib/x86_64-linux-gnu/libxcb-xv.so.0.0.0
7f30b9f2b000-7f30b9f2c000 rw-p 00006000 08:0b 426788                     /usr/lib/x86_64-linux-gnu/libxcb-xv.so.0.0.0
7f30b9f2c000-7f30b9f33000 r-xp 00000000 08:0b 800211                     /usr/lib/vlc/plugins/video_output/libxcb_xv_plugin.so
7f30b9f33000-7f30ba132000 ---p 00007000 08:0b 800211                     /usr/lib/vlc/plugins/video_output/libxcb_xv_plugin.so
7f30ba132000-7f30ba133000 r--p 00006000 08:0b 800211                     /usr/lib/vlc/plugins/video_output/libxcb_xv_plugin.so
7f30ba133000-7f30ba134000 rw-p 00007000 08:0b 800211                     /usr/lib/vlc/plugins/video_output/libxcb_xv_plugin.so
7f30ba134000-7f30bb9ea000 r-xp 00000000 08:0b 400843                     /usr/lib/x86_64-linux-gnu/libicudata.so.55.1
7f30bb9ea000-7f30bbbe9000 ---p 018b6000 08:0b 400843                     /usr/lib/x86_64-linux-gnu/libicudata.so.55.1
7f30bbbe9000-7f30bbbea000 r--p 018b5000 08:0b 400843                     /usr/lib/x86_64-linux-gnu/libicudata.so.55.1
7f30bbbea000-7f30bbbeb000 rw-p 018b6000 08:0b 400843                     /usr/lib/x86_64-linux-gnu/libicudata.so.55.1
7f30bbbeb000-7f30bbbf9000 r-xp 00000000 08:0b 392732                     /usr/lib/x86_64-linux-gnu/libdrm.so.2.4.0
7f30bbbf9000-7f30bbdf8000 ---p 0000e000 08:0b 392732                     /usr/lib/x86_64-linux-gnu/libdrm.so.2.4.0
7f30bbdf8000-7f30bbdf9000 r--p 0000d000 08:0b 392732                     /usr/lib/x86_64-linux-gnu/libdrm.so.2.4.0
7f30bbdf9000-7f30bbdfa000 rw-p 0000e000 08:0b 392732                     /usr/lib/x86_64-linux-gnu/libdrm.so.2.4.0
7f30bbdfa000-7f30bbdff000 r-xp 00000000 08:0b 400215                     /usr/lib/x86_64-linux-gnu/libXxf86vm.so.1.0.0
7f30bbdff000-7f30bbffe000 ---p 00005000 08:0b 400215                     /usr/lib/x86_64-linux-gnu/libXxf86vm.so.1.0.0
7f30bbffe000-7f30bbfff000 r--p 00004000 08:0b 400215                     /usr/lib/x86_64-linux-gnu/libXxf86vm.so.1.0.0
7f30bbfff000-7f30bc000000 rw-p 00005000 08:0b 400215                     /usr/lib/x86_64-linux-gnu/libXxf86vm.so.1.0.0
7f30bc000000-7f30bc021000 rw-p 00000000 00:00 0 
7f30bc021000-7f30c0000000 ---p 00000000 00:00 0 
7f30c0000000-7f30c0021000 rw-p 00000000 00:00 0 
7f30c0021000-7f30c4000000 ---p 00000000 00:00 0 
7f30c4000000-7f30c4021000 rw-p 00000000 00:00 0 
7f30c4021000-7f30c8000000 ---p 00000000 00:00 0 
7f30c8000000-7f30c8021000 rw-p 00000000 00:00 0 
7f30c8021000-7f30cc000000 ---p 00000000 00:00 0 
7f30cc000000-7f30cc279000 rw-p 00000000 00:00 0 
7f30cc279000-7f30d0000000 ---p 00000000 00:00 0 
7f30d0000000-7f30d0021000 rw-p 00000000 00:00 0 
7f30d0021000-7f30d4000000 ---p 00000000 00:00 0 
7f30d4000000-7f30d41f5000 rw-p 00000000 00:00 0 
7f30d41f5000-7f30d8000000 ---p 00000000 00:00 0 
7f30d8000000-7f30d81af000 rw-p 00000000 00:00 0 
7f30d81af000-7f30dc000000 ---p 00000000 00:00 0 
7f30dc000000-7f30dc021000 rw-p 00000000 00:00 0 
7f30dc021000-7f30e0000000 ---p 00000000 00:00 0 
7f30e0000000-7f30e0179000 rw-p 00000000 00:00 0 
7f30e0179000-7f30e4000000 ---p 00000000 00:00 0 
7f30e4000000-7f30e4021000 rw-p 00000000 00:00 0 
7f30e4021000-7f30e8000000 ---p 00000000 00:00 0 
7f30e8000000-7f30e8021000 rw-p 00000000 00:00 0 
7f30e8021000-7f30ec000000 ---p 00000000 00:00 0 
7f30ec000000-7f30ec021000 rw-p 00000000 00:00 0 
7f30ec021000-7f30f0000000 ---p 00000000 00:00 0 
7f30f0000000-7f30f0021000 rw-p 00000000 00:00 0 
7f30f0021000-7f30f4000000 ---p 00000000 00:00 0 
7f30f4000000-7f30f4021000 rw-p 00000000 00:00 0 
7f30f4021000-7f30f8000000 ---p 00000000 00:00 0 
7f30f8150000-7f30f8154000 r-xp 00000000 08:0b 401512                     /usr/lib/x86_64-linux-gnu/libxcb-dri2.so.0.0.0
7f30f8154000-7f30f8353000 ---p 00004000 08:0b 401512                     /usr/lib/x86_64-linux-gnu/libxcb-dri2.so.0.0.0
7f30f8353000-7f30f8354000 r--p 00003000 08:0b 401512                     /usr/lib/x86_64-linux-gnu/libxcb-dri2.so.0.0.0
7f30f8354000-7f30f8355000 rw-p 00004000 08:0b 401512                     /usr/lib/x86_64-linux-gnu/libxcb-dri2.so.0.0.0
7f30f8355000-7f30f836c000 r-xp 00000000 08:0b 401516                     /usr/lib/x86_64-linux-gnu/libxcb-glx.so.0.0.0
7f30f836c000-7f30f856b000 ---p 00017000 08:0b 401516                     /usr/lib/x86_64-linux-gnu/libxcb-glx.so.0.0.0
7f30f856b000-7f30f856d000 r--p 00016000 08:0b 401516                     /usr/lib/x86_64-linux-gnu/libxcb-glx.so.0.0.0
7f30f856d000-7f30f856e000 rw-p 00018000 08:0b 401516                     /usr/lib/x86_64-linux-gnu/libxcb-glx.so.0.0.0
7f30f856e000-7f30f856f000 r-xp 00000000 08:0b 400160                     /usr/lib/x86_64-linux-gnu/libX11-xcb.so.1.0.0
7f30f856f000-7f30f876e000 ---p 00001000 08:0b 400160                     /usr/lib/x86_64-linux-gnu/libX11-xcb.so.1.0.0
7f30f876e000-7f30f876f000 r--p 00000000 08:0b 400160                     /usr/lib/x86_64-linux-gnu/libX11-xcb.so.1.0.0
7f30f876f000-7f30f8770000 rw-p 00001000 08:0b 400160                     /usr/lib/x86_64-linux-gnu/libX11-xcb.so.1.0.0
7f30f8770000-7f30f8772000 r-xp 00000000 08:0b 400175                     /usr/lib/x86_64-linux-gnu/libXdamage.so.1.1.0
7f30f8772000-7f30f8971000 ---p 00002000 08:0b 400175                     /usr/lib/x86_64-linux-gnu/libXdamage.so.1.1.0
7f30f8971000-7f30f8972000 r--p 00001000 08:0b 400175                     /usr/lib/x86_64-linux-gnu/libXdamage.so.1.1.0
7f30f8972000-7f30f8973000 rw-p 00002000 08:0b 400175                     /usr/lib/x86_64-linux-gnu/libXdamage.so.1.1.0
7f30f8973000-7f30f899c000 r-xp 00000000 08:0b 402831                     /usr/lib/x86_64-linux-gnu/libglapi.so.0.0.0
7f30f899c000-7f30f8b9b000 ---p 00029000 08:0b 402831                     /usr/lib/x86_64-linux-gnu/libglapi.so.0.0.0
7f30f8b9b000-7f30f8b9f000 r--p 00028000 08:0b 402831                     /usr/lib/x86_64-linux-gnu/libglapi.so.0.0.0
7f30f8b9f000-7f30f8ba0000 rw-p 0002c000 08:0b 402831                     /usr/lib/x86_64-linux-gnu/libglapi.so.0.0.0
7f30f8ba0000-7f30f8ba1000 rw-p 00000000 00:00 0 
7f30f8ba1000-7f30f8ba2000 r-xp 00000000 08:0b 401556                     /usr/lib/x86_64-linux-gnu/libxshmfence.so.1.0.0
7f30f8ba2000-7f30f8da2000 ---p 00001000 08:0b 401556                     /usr/lib/x86_64-linux-gnu/libxshmfence.so.1.0.0
7f30f8da2000-7f30f8da3000 r--p 00001000 08:0b 401556                     /usr/lib/x86_64-linux-gnu/libxshmfence.so.1.0.0
7f30f8da3000-7f30f8da4000 rw-p 00002000 08:0b 401556                     /usr/lib/x86_64-linux-gnu/libxshmfence.so.1.0.0
7f30f8da4000-7f30f8da9000 r-xp 00000000 08:0b 401536                     /usr/lib/x86_64-linux-gnu/libxcb-sync.so.1.0.0
7f30f8da9000-7f30f8fa9000 ---p 00005000 08:0b 401536                     /usr/lib/x86_64-linux-gnu/libxcb-sync.so.1.0.0
7f30f8fa9000-7f30f8faa000 r--p 00005000 08:0b 401536                     /usr/lib/x86_64-linux-gnu/libxcb-sync.so.1.0.0
7f30f8faa000-7f30f8fab000 rw-p 00006000 08:0b 401536                     /usr/lib/x86_64-linux-gnu/libxcb-sync.so.1.0.0
7f30f8fab000-7f30f8fad000 r-xp 00000000 08:0b 401524                     /usr/lib/x86_64-linux-gnu/libxcb-present.so.0.0.0
7f30f8fad000-7f30f91ac000 ---p 00002000 08:0b 401524                     /usr/lib/x86_64-linux-gnu/libxcb-present.so.0.0.0
7f30f91ac000-7f30f91ad000 r--p 00001000 08:0b 401524                     /usr/lib/x86_64-linux-gnu/libxcb-present.so.0.0.0
7f30f91ad000-7f30f91ae000 rw-p 00002000 08:0b 401524                     /usr/lib/x86_64-linux-gnu/libxcb-present.so.0.0.0
7f30f91ae000-7f30f91b0000 r-xp 00000000 08:0b 401514                     /usr/lib/x86_64-linux-gnu/libxcb-dri3.so.0.0.0
7f30f91b0000-7f30f93af000 ---p 00002000 08:0b 401514                     /usr/lib/x86_64-linux-gnu/libxcb-dri3.so.0.0.0
7f30f93af000-7f30f93b0000 r--p 00001000 08:0b 401514                     /usr/lib/x86_64-linux-gnu/libxcb-dri3.so.0.0.0
7f30f93b0000-7f30f93b1000 rw-p 00002000 08:0b 401514                     /usr/lib/x86_64-linux-gnu/libxcb-dri3.so.0.0.0
7f30f93b1000-7f30f9415000 r-xp 00000000 08:0b 401115                     /usr/lib/x86_64-linux-gnu/libpcre16.so.3.13.2
7f30f9415000-7f30f9615000 ---p 00064000 08:0b 401115                     /usr/lib/x86_64-linux-gnu/libpcre16.so.3.13.2
7f30f9615000-7f30f9616000 r--p 00064000 08:0b 401115                     /usr/lib/x86_64-linux-gnu/libpcre16.so.3.13.2
7f30f9616000-7f30f9617000 rw-p 00065000 08:0b 401115                     /usr/lib/x86_64-linux-gnu/libpcre16.so.3.13.2
7f30f9617000-7f30f9869000 r-xp 00000000 08:0b 400845                     /usr/lib/x86_64-linux-gnu/libicui18n.so.55.1
7f30f9869000-7f30f9a69000 ---p 00252000 08:0b 400845                     /usr/lib/x86_64-linux-gnu/libicui18n.so.55.1
7f30f9a69000-7f30f9a78000 r--p 00252000 08:0b 400845                     /usr/lib/x86_64-linux-gnu/libicui18n.so.55.1
7f30f9a78000-7f30f9a79000 rw-p 00261000 08:0b 400845                     /usr/lib/x86_64-linux-gnu/libicui18n.so.55.1
7f30f9a79000-7f30fa0d2000 r-xp 00000000 08:0b 394816                     /usr/lib/x86_64-linux-gnu/libQt5Widgets.so.5.5.1
7f30fa0d2000-7f30fa100000 r--p 00658000 08:0b 394816                     /usr/lib/x86_64-linux-gnu/libQt5Widgets.so.5.5.1
7f30fa100000-7f30fa105000 rw-p 00686000 08:0b 394816                     /usr/lib/x86_64-linux-gnu/libQt5Widgets.so.5.5.1
7f30fa105000-7f30fa106000 rw-p 00000000 00:00 0 
7f30fa106000-7f30fa110000 r-xp 00000000 08:0b 401060                     /usr/lib/x86_64-linux-gnu/libnuma.so.1.0.0
7f30fa110000-7f30fa30f000 ---p 0000a000 08:0b 401060                     /usr/lib/x86_64-linux-gnu/libnuma.so.1.0.0
7f30fa30f000-7f30fa310000 r--p 00009000 08:0b 401060                     /usr/lib/x86_64-linux-gnu/libnuma.so.1.0.0
7f30fa310000-7f30fa311000 rw-p 0000a000 08:0b 401060                     /usr/lib/x86_64-linux-gnu/libnuma.so.1.0.0
7f30fa3a9000-7f30fa8d0000 r-xp 00000000 08:0b 394812                     /usr/lib/x86_64-linux-gnu/libQt5Gui.so.5.5.1
7f30fa8d0000-7f30fa8d1000 ---p 00527000 08:0b 394812                     /usr/lib/x86_64-linux-gnu/libQt5Gui.so.5.5.1
7f30fa8d1000-7f30fa8e6000 r--p 00527000 08:0b 394812                     /usr/lib/x86_64-linux-gnu/libQt5Gui.so.5.5.1
7f30fa8e6000-7f30fa8ec000 rw-p 0053c000 08:0b 394812                     /usr/lib/x86_64-linux-gnu/libQt5Gui.so.5.5.1
7f30fa8ec000-7f30fa8f1000 rw-p 00000000 00:00 0 
7f30fa8f1000-7f30fa8f4000 r-xp 00000000 08:0b 397140                     /usr/lib/x86_64-linux-gnu/libgmodule-2.0.so.0.4800.1
7f30fa8f4000-7f30faaf3000 ---p 00003000 08:0b 397140                     /usr/lib/x86_64-linux-gnu/libgmodule-2.0.so.0.4800.1
7f30faaf3000-7f30faaf4000 r--p 00002000 08:0b 397140                     /usr/lib/x86_64-linux-gnu/libgmodule-2.0.so.0.4800.1
7f30faaf4000-7f30faaf5000 rw-p 00003000 08:0b 397140                     /usr/lib/x86_64-linux-gnu/libgmodule-2.0.so.0.4800.1
7f30fab63000-7f30face2000 r-xp 00000000 08:0b 400857                     /usr/lib/x86_64-linux-gnu/libicuuc.so.55.1
7f30face2000-7f30faee2000 ---p 0017f000 08:0b 400857                     /usr/lib/x86_64-linux-gnu/libicuuc.so.55.1
7f30faee2000-7f30faef2000 r--p 0017f000 08:0b 400857                     /usr/lib/x86_64-linux-gnu/libicuuc.so.55.1
7f30faef2000-7f30faef3000 rw-p 0018f000 08:0b 400857                     /usr/lib/x86_64-linux-gnu/libicuuc.so.55.1
7f30faef3000-7f30faef7000 rw-p 00000000 00:00 0 
7f30faef7000-7f30fb1cf000 r-xp 00000000 08:0b 677506                     /usr/lib/vlc/plugins/gui/libqt4_plugin.so
7f30fb1cf000-7f30fb3cf000 ---p 002d8000 08:0b 677506                     /usr/lib/vlc/plugins/gui/libqt4_plugin.so
7f30fb3cf000-7f30fb3e9000 r--p 002d8000 08:0b 677506                     /usr/lib/vlc/plugins/gui/libqt4_plugin.so
7f30fb3e9000-7f30fb3ed000 rw-p 002f2000 08:0b 677506                     /usr/lib/vlc/plugins/gui/libqt4_plugin.so
7f30fb3ed000-7f30fb3ee000 rw-p 00000000 00:00 0 
7f30fb3ee000-7f30fb3f5000 r-xp 00000000 08:0b 400548                     /usr/lib/x86_64-linux-gnu/libffi.so.6.0.4
7f30fb3f5000-7f30fb5f4000 ---p 00007000 08:0b 400548                     /usr/lib/x86_64-linux-gnu/libffi.so.6.0.4
7f30fb5f4000-7f30fb5f5000 r--p 00006000 08:0b 400548                     /usr/lib/x86_64-linux-gnu/libffi.so.6.0.4
7f30fb5f5000-7f30fb5f6000 rw-p 00007000 08:0b 400548                     /usr/lib/x86_64-linux-gnu/libffi.so.6.0.4
7f30fb73f000-7f30fb7ac000 r-xp 00000000 08:0b 567022                     /usr/lib/x86_64-linux-gnu/mesa/libGL.so.1.2.0
7f30fb7ac000-7f30fb9ab000 ---p 0006d000 08:0b 567022                     /usr/lib/x86_64-linux-gnu/mesa/libGL.so.1.2.0
7f30fb9ab000-7f30fb9ae000 r--p 0006c000 08:0b 567022                     /usr/lib/x86_64-linux-gnu/mesa/libGL.so.1.2.0
7f30fb9ae000-7f30fb9af000 rw-p 0006f000 08:0b 567022                     /usr/lib/x86_64-linux-gnu/mesa/libGL.so.1.2.0
7f30fb9af000-7f30fb9b0000 rw-p 00000000 00:00 0 
7f30fb9b0000-7f30fb9da000 r-xp 00000000 08:0b 401421                     /usr/lib/x86_64-linux-gnu/libvorbis.so.0.4.8
7f30fb9da000-7f30fbbda000 ---p 0002a000 08:0b 401421                     /usr/lib/x86_64-linux-gnu/libvorbis.so.0.4.8
7f30fbbda000-7f30fbbdb000 r--p 0002a000 08:0b 401421                     /usr/lib/x86_64-linux-gnu/libvorbis.so.0.4.8
7f30fbbdb000-7f30fbbdc000 rw-p 0002b000 08:0b 401421                     /usr/lib/x86_64-linux-gnu/libvorbis.so.0.4.8
7f30fbbdc000-7f30fbbe3000 r-xp 00000000 08:0b 401072                     /usr/lib/x86_64-linux-gnu/libogg.so.0.8.2
7f30fbbe3000-7f30fbde3000 ---p 00007000 08:0b 401072                     /usr/lib/x86_64-linux-gnu/libogg.so.0.8.2
7f30fbde3000-7f30fbde4000 r--p 00007000 08:0b 401072                     /usr/lib/x86_64-linux-gnu/libogg.so.0.8.2
7f30fbde4000-7f30fbde5000 rw-p 00008000 08:0b 401072                     /usr/lib/x86_64-linux-gnu/libogg.so.0.8.2
7f30fbde5000-7f30fbdfc000 r-xp 00000000 08:0b 136508                     /lib/x86_64-linux-gnu/libresolv-2.23.so
7f30fbdfc000-7f30fbffc000 ---p 00017000 08:0b 136508                     /lib/x86_64-linux-gnu/libresolv-2.23.so
7f30fbffc000-7f30fbffd000 r--p 00017000 08:0b 136508                     /lib/x86_64-linux-gnu/libresolv-2.23.so
7f30fbffd000-7f30fbffe000 rw-p 00018000 08:0b 136508                     /lib/x86_64-linux-gnu/libresolv-2.23.so
7f30fbffe000-7f30fc000000 rw-p 00000000 00:00 0 
7f30fc000000-7f30fc021000 rw-p 00000000 00:00 0 
7f30fc021000-7f3100000000 ---p 00000000 00:00 0 
7f310017e000-7f310020b000 r-xp 00000000 08:0b 401423                     /usr/lib/x86_64-linux-gnu/libvorbisenc.so.2.0.11
7f310020b000-7f310040a000 ---p 0008d000 08:0b 401423                     /usr/lib/x86_64-linux-gnu/libvorbisenc.so.2.0.11
7f310040a000-7f3100426000 r--p 0008c000 08:0b 401423                     /usr/lib/x86_64-linux-gnu/libvorbisenc.so.2.0.11
7f3100426000-7f3100427000 rw-p 000a8000 08:0b 401423                     /usr/lib/x86_64-linux-gnu/libvorbisenc.so.2.0.11
7f3100427000-7f310049a000 r-xp 00000000 08:0b 400018                     /usr/lib/x86_64-linux-gnu/libFLAC.so.8.3.0
7f310049a000-7f310069a000 ---p 00073000 08:0b 400018                     /usr/lib/x86_64-linux-gnu/libFLAC.so.8.3.0
7f310069a000-7f310069b000 r--p 00073000 08:0b 400018                     /usr/lib/x86_64-linux-gnu/libFLAC.so.8.3.0
7f310069b000-7f310069c000 rw-p 00074000 08:0b 400018                     /usr/lib/x86_64-linux-gnu/libFLAC.so.8.3.0
7f310069c000-7f31006a1000 r-xp 00000000 08:0b 400268                     /usr/lib/x86_64-linux-gnu/libasyncns.so.0.3.1
7f31006a1000-7f31008a0000 ---p 00005000 08:0b 400268                     /usr/lib/x86_64-linux-gnu/libasyncns.so.0.3.1
7f31008a0000-7f31008a1000 r--p 00004000 08:0b 400268                     /usr/lib/x86_64-linux-gnu/libasyncns.so.0.3.1
7f31008a1000-7f31008a2000 rw-p 00005000 08:0b 400268                     /usr/lib/x86_64-linux-gnu/libasyncns.so.0.3.1
7f31008a2000-7f3100904000 r-xp 00000000 08:0b 401275                     /usr/lib/x86_64-linux-gnu/libsndfile.so.1.0.25
7f3100904000-7f3100b04000 ---p 00062000 08:0b 401275                     /usr/lib/x86_64-linux-gnu/libsndfile.so.1.0.25
7f3100b04000-7f3100b06000 r--p 00062000 08:0b 401275                     /usr/lib/x86_64-linux-gnu/libsndfile.so.1.0.25
7f3100b06000-7f3100b07000 rw-p 00064000 08:0b 401275                     /usr/lib/x86_64-linux-gnu/libsndfile.so.1.0.25
7f3100b07000-7f3100b0b000 rw-p 00000000 00:00 0 
7f3100b0b000-7f3100b13000 r-xp 00000000 08:0b 136542                     /lib/x86_64-linux-gnu/libwrap.so.0.7.6
7f3100b13000-7f3100d12000 ---p 00008000 08:0b 136542                     /lib/x86_64-linux-gnu/libwrap.so.0.7.6
7f3100d12000-7f3100d13000 r--p 00007000 08:0b 136542                     /lib/x86_64-linux-gnu/libwrap.so.0.7.6
7f3100d13000-7f3100d14000 rw-p 00008000 08:0b 136542                     /lib/x86_64-linux-gnu/libwrap.so.0.7.6
7f3100d14000-7f3100d15000 rw-p 00000000 00:00 0 
7f3100e5c000-7f3100f6b000 r-xp 00000000 08:0b 135924                     /lib/x86_64-linux-gnu/libglib-2.0.so.0.4800.1
7f3100f6b000-7f310116a000 ---p 0010f000 08:0b 135924                     /lib/x86_64-linux-gnu/libglib-2.0.so.0.4800.1
7f310116a000-7f310116b000 r--p 0010e000 08:0b 135924                     /lib/x86_64-linux-gnu/libglib-2.0.so.0.4800.1
7f310116b000-7f310116c000 rw-p 0010f000 08:0b 135924                     /lib/x86_64-linux-gnu/libglib-2.0.so.0.4800.1
7f310116c000-7f310116d000 rw-p 00000000 00:00 0 
7f310116d000-7f3101b7a000 r-xp 00000000 08:0b 426716                     /usr/lib/x86_64-linux-gnu/libx265.so.79
7f3101b7a000-7f3101d79000 ---p 00a0d000 08:0b 426716                     /usr/lib/x86_64-linux-gnu/libx265.so.79
7f3101d79000-7f3101d7c000 r--p 00a0c000 08:0b 426716                     /usr/lib/x86_64-linux-gnu/libx265.so.79
7f3101d7c000-7f3101d7f000 rw-p 00a0f000 08:0b 426716                     /usr/lib/x86_64-linux-gnu/libx265.so.79
7f3101d7f000-7f3101d8c000 rw-p 00000000 00:00 0 
7f3101f10000-7f3101f6c000 r-xp 00000000 08:0b 392358                     /usr/lib/x86_64-linux-gnu/libharfbuzz.so.0.10000.1
7f3101f6c000-7f310216c000 ---p 0005c000 08:0b 392358                     /usr/lib/x86_64-linux-gnu/libharfbuzz.so.0.10000.1
7f310216c000-7f310216d000 r--p 0005c000 08:0b 392358                     /usr/lib/x86_64-linux-gnu/libharfbuzz.so.0.10000.1
7f310216d000-7f310216e000 rw-p 0005d000 08:0b 392358                     /usr/lib/x86_64-linux-gnu/libharfbuzz.so.0.10000.1
7f310216e000-7f3102178000 r-xp 00000000 08:0b 136415                     /lib/x86_64-linux-gnu/libjson-c.so.2.0.0
7f3102178000-7f3102377000 ---p 0000a000 08:0b 136415                     /lib/x86_64-linux-gnu/libjson-c.so.2.0.0
7f3102377000-7f3102378000 r--p 00009000 08:0b 136415                     /lib/x86_64-linux-gnu/libjson-c.so.2.0.0
7f3102378000-7f3102379000 rw-p 0000a000 08:0b 136415                     /lib/x86_64-linux-gnu/libjson-c.so.2.0.0
7f3102379000-7f31023f2000 r-xp 00000000 08:0b 529299                     /usr/lib/x86_64-linux-gnu/pulseaudio/libpulsecommon-8.0.so
7f31023f2000-7f31025f1000 ---p 00079000 08:0b 529299                     /usr/lib/x86_64-linux-gnu/pulseaudio/libpulsecommon-8.0.so
7f31025f1000-7f31025f2000 r--p 00078000 08:0b 529299                     /usr/lib/x86_64-linux-gnu/pulseaudio/libpulsecommon-8.0.so
7f31025f2000-7f31025f3000 rw-p 00079000 08:0b 529299                     /usr/lib/x86_64-linux-gnu/pulseaudio/libpulsecommon-8.0.so
7f31025f4000-7f3102ab9000 r-xp 00000000 08:0b 394792                     /usr/lib/x86_64-linux-gnu/libQt5Core.so.5.5.1
7f3102ab9000-7f3102ac5000 r--p 004c4000 08:0b 394792                     /usr/lib/x86_64-linux-gnu/libQt5Core.so.5.5.1
7f3102ac5000-7f3102ac6000 rw-p 004d0000 08:0b 394792                     /usr/lib/x86_64-linux-gnu/libQt5Core.so.5.5.1
7f3102ac6000-7f3102aca000 rw-p 00000000 00:00 0 
7f3102aca000-7f3102b18000 r-xp 00000000 08:0b 401163                     /usr/lib/x86_64-linux-gnu/libpulse.so.0.19.0
7f3102b18000-7f3102d17000 ---p 0004e000 08:0b 401163                     /usr/lib/x86_64-linux-gnu/libpulse.so.0.19.0
7f3102d17000-7f3102d18000 r--p 0004d000 08:0b 401163                     /usr/lib/x86_64-linux-gnu/libpulse.so.0.19.0
7f3102d18000-7f3102d19000 rw-p 0004e000 08:0b 401163                     /usr/lib/x86_64-linux-gnu/libpulse.so.0.19.0
7f3102d19000-7f3102d1c000 r-xp 00000000 08:0b 401161                     /usr/lib/x86_64-linux-gnu/libpulse-simple.so.0.1.0
7f3102d1c000-7f3102f1c000 ---p 00003000 08:0b 401161                     /usr/lib/x86_64-linux-gnu/libpulse-simple.so.0.1.0
7f3102f1c000-7f3102f1d000 r--p 00003000 08:0b 401161                     /usr/lib/x86_64-linux-gnu/libpulse-simple.so.0.1.0
7f3102f1d000-7f3102f1e000 rw-p 00004000 08:0b 401161                     /usr/lib/x86_64-linux-gnu/libpulse-simple.so.0.1.0
7f31030b5000-7f3103235000 r-xp 00000000 08:0b 397142                     /usr/lib/x86_64-linux-gnu/libgio-2.0.so.0.4800.1
7f3103235000-7f3103435000 ---p 00180000 08:0b 397142                     /usr/lib/x86_64-linux-gnu/libgio-2.0.so.0.4800.1
7f3103435000-7f3103439000 r--p 00180000 08:0b 397142                     /usr/lib/x86_64-linux-gnu/libgio-2.0.so.0.4800.1
7f3103439000-7f310343b000 rw-p 00184000 08:0b 397142                     /usr/lib/x86_64-linux-gnu/libgio-2.0.so.0.4800.1
7f310343b000-7f310343d000 rw-p 00000000 00:00 0 
7f310344a000-7f3103470000 r-xp 00000000 08:0b 130730                     /lib/x86_64-linux-gnu/libexpat.so.1.6.0
7f3103470000-7f3103670000 ---p 00026000 08:0b 130730                     /lib/x86_64-linux-gnu/libexpat.so.1.6.0
7f3103670000-7f3103672000 r--p 00026000 08:0b 130730                     /lib/x86_64-linux-gnu/libexpat.so.1.6.0
7f3103672000-7f3103673000 rw-p 00028000 08:0b 130730                     /lib/x86_64-linux-gnu/libexpat.so.1.6.0
7f3103673000-7f310376c000 r-xp 00000000 08:0b 400258                     /usr/lib/x86_64-linux-gnu/libasound.so.2.0.0
7f310376c000-7f310396b000 ---p 000f9000 08:0b 400258                     /usr/lib/x86_64-linux-gnu/libasound.so.2.0.0
7f310396b000-7f3103972000 r--p 000f8000 08:0b 400258                     /usr/lib/x86_64-linux-gnu/libasound.so.2.0.0
7f3103972000-7f3103973000 rw-p 000ff000 08:0b 400258                     /usr/lib/x86_64-linux-gnu/libasound.so.2.0.0
7f3103973000-7f31039c5000 r-xp 00000000 08:0b 397144                     /usr/lib/x86_64-linux-gnu/libgobject-2.0.so.0.4800.1
7f31039c5000-7f3103bc4000 ---p 00052000 08:0b 397144                     /usr/lib/x86_64-linux-gnu/libgobject-2.0.so.0.4800.1
7f3103bc4000-7f3103bc5000 r--p 00051000 08:0b 397144                     /usr/lib/x86_64-linux-gnu/libgobject-2.0.so.0.4800.1
7f3103bc5000-7f3103bc6000 rw-p 00052000 08:0b 397144                     /usr/lib/x86_64-linux-gnu/libgobject-2.0.so.0.4800.1
7f3103bd5000-7f3103bf8000 r-xp 00000000 08:0b 400723                     /usr/lib/x86_64-linux-gnu/libgraphite2.so.3.0.1
7f3103bf8000-7f3103df7000 ---p 00023000 08:0b 400723                     /usr/lib/x86_64-linux-gnu/libgraphite2.so.3.0.1
7f3103df7000-7f3103df9000 r--p 00022000 08:0b 400723                     /usr/lib/x86_64-linux-gnu/libgraphite2.so.3.0.1
7f3103df9000-7f3103dfa000 rw-p 00024000 08:0b 400723                     /usr/lib/x86_64-linux-gnu/libgraphite2.so.3.0.1
7f3103dfa000-7f3103dff000 r-xp 00000000 08:0b 31523                      /usr/lib/vlc/plugins/audio_output/libalsa_plugin.so
7f3103dff000-7f3103ffe000 ---p 00005000 08:0b 31523                      /usr/lib/vlc/plugins/audio_output/libalsa_plugin.so
7f3103ffe000-7f3103fff000 r--p 00004000 08:0b 31523                      /usr/lib/vlc/plugins/audio_output/libalsa_plugin.so
7f3103fff000-7f3104000000 rw-p 00005000 08:0b 31523                      /usr/lib/vlc/plugins/audio_output/libalsa_plugin.so
7f3104000000-7f3104021000 rw-p 00000000 00:00 0 
7f3104021000-7f3108000000 ---p 00000000 00:00 0 
7f3108000000-7f3108021000 rw-p 00000000 00:00 0 
7f3108021000-7f310c000000 ---p 00000000 00:00 0 
7f310c000000-7f310c021000 rw-p 00000000 00:00 0 
7f310c021000-7f3110000000 ---p 00000000 00:00 0 
7f3110039000-7f311003c000 ---p 00000000 00:00 0 
7f311003c000-7f311013a000 rw-p 00000000 00:00 0 
7f311013a000-7f311013b000 r-xp 00000000 08:0b 297521                     /usr/lib/jvm/java-8-openjdk-amd64/jre/lib/amd64/libjawt.so
7f311013b000-7f311033a000 ---p 00001000 08:0b 297521                     /usr/lib/jvm/java-8-openjdk-amd64/jre/lib/amd64/libjawt.so
7f311033a000-7f311033b000 r--p 00000000 08:0b 297521                     /usr/lib/jvm/java-8-openjdk-amd64/jre/lib/amd64/libjawt.so
7f311033b000-7f311033c000 rw-p 00001000 08:0b 297521                     /usr/lib/jvm/java-8-openjdk-amd64/jre/lib/amd64/libjawt.so
7f311033c000-7f311034e000 r-xp 00000000 08:0b 136400                     /lib/x86_64-linux-gnu/libgpg-error.so.0.17.0
7f311034e000-7f311054e000 ---p 00012000 08:0b 136400                     /lib/x86_64-linux-gnu/libgpg-error.so.0.17.0
7f311054e000-7f311054f000 r--p 00012000 08:0b 136400                     /lib/x86_64-linux-gnu/libgpg-error.so.0.17.0
7f311054f000-7f3110550000 rw-p 00013000 08:0b 136400                     /lib/x86_64-linux-gnu/libgpg-error.so.0.17.0
7f3110550000-7f31105be000 r-xp 00000000 08:0b 136485                     /lib/x86_64-linux-gnu/libpcre.so.3.13.2
7f31105be000-7f31107be000 ---p 0006e000 08:0b 136485                     /lib/x86_64-linux-gnu/libpcre.so.3.13.2
7f31107be000-7f31107bf000 r--p 0006e000 08:0b 136485                     /lib/x86_64-linux-gnu/libpcre.so.3.13.2
7f31107bf000-7f31107c0000 rw-p 0006f000 08:0b 136485                     /lib/x86_64-linux-gnu/libpcre.so.3.13.2
7f31107c0000-7f3110898000 r-xp 00000000 08:0b 131860                     /lib/x86_64-linux-gnu/libgcrypt.so.20.0.5
7f3110898000-7f3110a97000 ---p 000d8000 08:0b 131860                     /lib/x86_64-linux-gnu/libgcrypt.so.20.0.5
7f3110a97000-7f3110a98000 r--p 000d7000 08:0b 131860                     /lib/x86_64-linux-gnu/libgcrypt.so.20.0.5
7f3110a98000-7f3110aa0000 rw-p 000d8000 08:0b 131860                     /lib/x86_64-linux-gnu/libgcrypt.so.20.0.5
7f3110aa0000-7f3110aa1000 rw-p 00000000 00:00 0 
7f3110aa1000-7f3110ac2000 r-xp 00000000 08:0b 136423                     /lib/x86_64-linux-gnu/liblzma.so.5.0.0
7f3110ac2000-7f3110cc1000 ---p 00021000 08:0b 136423                     /lib/x86_64-linux-gnu/liblzma.so.5.0.0
7f3110cc1000-7f3110cc2000 r--p 00020000 08:0b 136423                     /lib/x86_64-linux-gnu/liblzma.so.5.0.0
7f3110cc2000-7f3110cc3000 rw-p 00021000 08:0b 136423                     /lib/x86_64-linux-gnu/liblzma.so.5.0.0
7f3110cc3000-7f3110ce2000 r-xp 00000000 08:0b 136514                     /lib/x86_64-linux-gnu/libselinux.so.1
7f3110ce2000-7f3110ee1000 ---p 0001f000 08:0b 136514                     /lib/x86_64-linux-gnu/libselinux.so.1
7f3110ee1000-7f3110ee2000 r--p 0001e000 08:0b 136514                     /lib/x86_64-linux-gnu/libselinux.so.1
7f3110ee2000-7f3110ee3000 rw-p 0001f000 08:0b 136514                     /lib/x86_64-linux-gnu/libselinux.so.1
7f3110ee3000-7f3110ee5000 rw-p 00000000 00:00 0 
7f3110ee5000-7f3110f65000 r-xp 00000000 08:0b 130724                     /lib/x86_64-linux-gnu/libsystemd.so.0.14.0
7f3110f65000-7f3110f68000 r--p 0007f000 08:0b 130724                     /lib/x86_64-linux-gnu/libsystemd.so.0.14.0
7f3110f68000-7f3110f69000 rw-p 00082000 08:0b 130724                     /lib/x86_64-linux-gnu/libsystemd.so.0.14.0
7f3110f69000-7f3110f6a000 rw-p 00000000 00:00 0 
7f3110f6a000-7f3110fb4000 r-xp 00000000 08:0b 136372                     /lib/x86_64-linux-gnu/libdbus-1.so.3.14.6
7f3110fb4000-7f31111b4000 ---p 0004a000 08:0b 136372                     /lib/x86_64-linux-gnu/libdbus-1.so.3.14.6
7f31111b4000-7f31111b5000 r--p 0004a000 08:0b 136372                     /lib/x86_64-linux-gnu/libdbus-1.so.3.14.6
7f31111b5000-7f31111b6000 rw-p 0004b000 08:0b 136372                     /lib/x86_64-linux-gnu/libdbus-1.so.3.14.6
7f31111b6000-7f31111e7000 r-xp 00000000 08:0b 392437                     /usr/lib/x86_64-linux-gnu/libidn.so.11.6.15
7f31111e7000-7f31113e7000 ---p 00031000 08:0b 392437                     /usr/lib/x86_64-linux-gnu/libidn.so.11.6.15
7f31113e7000-7f31113e8000 r--p 00031000 08:0b 392437                     /usr/lib/x86_64-linux-gnu/libidn.so.11.6.15
7f31113e8000-7f31113e9000 rw-p 00032000 08:0b 392437                     /usr/lib/x86_64-linux-gnu/libidn.so.11.6.15
7f31113e9000-7f31114e4000 r-xp 00000000 08:0b 278850                     /usr/lib/libvlccore.so.8.0.0
7f31114e4000-7f31116e4000 ---p 000fb000 08:0b 278850                     /usr/lib/libvlccore.so.8.0.0
7f31116e4000-7f31116e7000 r--p 000fb000 08:0b 278850                     /usr/lib/libvlccore.so.8.0.0
7f31116e7000-7f31116e8000 rw-p 000fe000 08:0b 278850                     /usr/lib/libvlccore.so.8.0.0
7f31116e8000-7f3111707000 r-xp 00000000 08:0b 292126                     /usr/lib/libvlc.so.5.5.0
7f3111707000-7f3111906000 ---p 0001f000 08:0b 292126                     /usr/lib/libvlc.so.5.5.0
7f3111906000-7f3111907000 r--p 0001e000 08:0b 292126                     /usr/lib/libvlc.so.5.5.0
7f3111907000-7f3111908000 rw-p 0001f000 08:0b 292126                     /usr/lib/libvlc.so.5.5.0
7f3111908000-7f311191f000 r-xp 00000000 08:0b 677530                     /tmp/jna-461950019/jna6781023295674158161.tmp (deleted)
7f311191f000-7f3111a1e000 ---p 00017000 08:0b 677530                     /tmp/jna-461950019/jna6781023295674158161.tmp (deleted)
7f3111a1e000-7f3111a20000 rw-p 00016000 08:0b 677530                     /tmp/jna-461950019/jna6781023295674158161.tmp (deleted)
7f3111a20000-7f3111a23000 ---p 00000000 00:00 0 
7f3111a23000-7f3111d21000 rw-p 00000000 00:00 0 
7f3111d21000-7f3111d32000 r-xp 00000000 08:0b 297532                     /usr/lib/jvm/java-8-openjdk-amd64/jre/lib/amd64/libnio.so
7f3111d32000-7f3111f32000 ---p 00011000 08:0b 297532                     /usr/lib/jvm/java-8-openjdk-amd64/jre/lib/amd64/libnio.so
7f3111f32000-7f3111f33000 r--p 00011000 08:0b 297532                     /usr/lib/jvm/java-8-openjdk-amd64/jre/lib/amd64/libnio.so
7f3111f33000-7f3111f34000 rw-p 00012000 08:0b 297532                     /usr/lib/jvm/java-8-openjdk-amd64/jre/lib/amd64/libnio.so
7f3111f34000-7f3112235000 rw-p 00000000 00:00 0 
7f3112235000-7f311224c000 r-xp 00000000 08:0b 297508                     /usr/lib/jvm/java-8-openjdk-amd64/jre/lib/amd64/libnet.so
7f311224c000-7f311244b000 ---p 00017000 08:0b 297508                     /usr/lib/jvm/java-8-openjdk-amd64/jre/lib/amd64/libnet.so
7f311244b000-7f311244c000 r--p 00016000 08:0b 297508                     /usr/lib/jvm/java-8-openjdk-amd64/jre/lib/amd64/libnet.so
7f311244c000-7f311244d000 rw-p 00017000 08:0b 297508                     /usr/lib/jvm/java-8-openjdk-amd64/jre/lib/amd64/libnet.so
7f311244d000-7f3112450000 ---p 00000000 00:00 0 
7f3112450000-7f311254e000 rw-p 00000000 00:00 0 
7f311254e000-7f3112551000 ---p 00000000 00:00 0 
7f3112551000-7f311264f000 rw-p 00000000 00:00 0 
7f311264f000-7f3112654000 r-xp 00000000 08:0b 400181                     /usr/lib/x86_64-linux-gnu/libXfixes.so.3.1.0
7f3112654000-7f3112853000 ---p 00005000 08:0b 400181                     /usr/lib/x86_64-linux-gnu/libXfixes.so.3.1.0
7f3112853000-7f3112854000 r--p 00004000 08:0b 400181                     /usr/lib/x86_64-linux-gnu/libXfixes.so.3.1.0
7f3112854000-7f3112855000 rw-p 00005000 08:0b 400181                     /usr/lib/x86_64-linux-gnu/libXfixes.so.3.1.0
7f3112855000-7f311285e000 r-xp 00000000 08:0b 400173                     /usr/lib/x86_64-linux-gnu/libXcursor.so.1.0.2
7f311285e000-7f3112a5d000 ---p 00009000 08:0b 400173                     /usr/lib/x86_64-linux-gnu/libXcursor.so.1.0.2
7f3112a5d000-7f3112a5e000 r--p 00008000 08:0b 400173                     /usr/lib/x86_64-linux-gnu/libXcursor.so.1.0.2
7f3112a5e000-7f3112a5f000 rw-p 00009000 08:0b 400173                     /usr/lib/x86_64-linux-gnu/libXcursor.so.1.0.2
7f3112a5f000-7f3112a62000 ---p 00000000 00:00 0 
7f3112a62000-7f3112b60000 rw-p 00000000 00:00 0 
7f3112b60000-7f3112b84000 r-xp 00000000 08:0b 136497                     /lib/x86_64-linux-gnu/libpng12.so.0.54.0
7f3112b84000-7f3112d83000 ---p 00024000 08:0b 136497                     /lib/x86_64-linux-gnu/libpng12.so.0.54.0
7f3112d83000-7f3112d84000 r--p 00023000 08:0b 136497                     /lib/x86_64-linux-gnu/libpng12.so.0.54.0
7f3112d84000-7f3112d85000 rw-p 00024000 08:0b 136497                     /lib/x86_64-linux-gnu/libpng12.so.0.54.0
7f3112d85000-7f3112e29000 r-xp 00000000 08:0b 400596                     /usr/lib/x86_64-linux-gnu/libfreetype.so.6.12.1
7f3112e29000-7f3113028000 ---p 000a4000 08:0b 400596                     /usr/lib/x86_64-linux-gnu/libfreetype.so.6.12.1
7f3113028000-7f311302e000 r--p 000a3000 08:0b 400596                     /usr/lib/x86_64-linux-gnu/libfreetype.so.6.12.1
7f311302e000-7f311302f000 rw-p 000a9000 08:0b 400596                     /usr/lib/x86_64-linux-gnu/libfreetype.so.6.12.1
7f311302f000-7f3113081000 r-xp 00000000 08:0b 297506                     /usr/lib/jvm/java-8-openjdk-amd64/jre/lib/amd64/libfontmanager.so
7f3113081000-7f3113281000 ---p 00052000 08:0b 297506                     /usr/lib/jvm/java-8-openjdk-amd64/jre/lib/amd64/libfontmanager.so
7f3113281000-7f3113283000 r--p 00052000 08:0b 297506                     /usr/lib/jvm/java-8-openjdk-amd64/jre/lib/amd64/libfontmanager.so
7f3113283000-7f3113284000 rw-p 00054000 08:0b 297506                     /usr/lib/jvm/java-8-openjdk-amd64/jre/lib/amd64/libfontmanager.so
7f3113284000-7f3113289000 r-xp 00000000 08:0b 400177                     /usr/lib/x86_64-linux-gnu/libXdmcp.so.6.0.0
7f3113289000-7f3113488000 ---p 00005000 08:0b 400177                     /usr/lib/x86_64-linux-gnu/libXdmcp.so.6.0.0
7f3113488000-7f3113489000 r--p 00004000 08:0b 400177                     /usr/lib/x86_64-linux-gnu/libXdmcp.so.6.0.0
7f3113489000-7f311348a000 rw-p 00005000 08:0b 400177                     /usr/lib/x86_64-linux-gnu/libXdmcp.so.6.0.0
7f311348a000-7f311348c000 r-xp 00000000 08:0b 400166                     /usr/lib/x86_64-linux-gnu/libXau.so.6.0.0
7f311348c000-7f311368c000 ---p 00002000 08:0b 400166                     /usr/lib/x86_64-linux-gnu/libXau.so.6.0.0
7f311368c000-7f311368d000 r--p 00002000 08:0b 400166                     /usr/lib/x86_64-linux-gnu/libXau.so.6.0.0
7f311368d000-7f311368e000 rw-p 00003000 08:0b 400166                     /usr/lib/x86_64-linux-gnu/libXau.so.6.0.0
7f311368e000-7f31136af000 r-xp 00000000 08:0b 401544                     /usr/lib/x86_64-linux-gnu/libxcb.so.1.1.0
7f31136af000-7f31138ae000 ---p 00021000 08:0b 401544                     /usr/lib/x86_64-linux-gnu/libxcb.so.1.1.0
7f31138ae000-7f31138af000 r--p 00020000 08:0b 401544                     /usr/lib/x86_64-linux-gnu/libxcb.so.1.1.0
7f31138af000-7f31138b0000 rw-p 00021000 08:0b 401544                     /usr/lib/x86_64-linux-gnu/libxcb.so.1.1.0
7f31138b0000-7f31138bf000 r-xp 00000000 08:0b 400187                     /usr/lib/x86_64-linux-gnu/libXi.so.6.1.0
7f31138bf000-7f3113abe000 ---p 0000f000 08:0b 400187                     /usr/lib/x86_64-linux-gnu/libXi.so.6.1.0
7f3113abe000-7f3113abf000 r--p 0000e000 08:0b 400187                     /usr/lib/x86_64-linux-gnu/libXi.so.6.1.0
7f3113abf000-7f3113ac0000 rw-p 0000f000 08:0b 400187                     /usr/lib/x86_64-linux-gnu/libXi.so.6.1.0
7f3113ac0000-7f3113ac5000 r-xp 00000000 08:0b 400205                     /usr/lib/x86_64-linux-gnu/libXtst.so.6.1.0
7f3113ac5000-7f3113cc4000 ---p 00005000 08:0b 400205                     /usr/lib/x86_64-linux-gnu/libXtst.so.6.1.0
7f3113cc4000-7f3113cc5000 r--p 00004000 08:0b 400205                     /usr/lib/x86_64-linux-gnu/libXtst.so.6.1.0
7f3113cc5000-7f3113cc6000 rw-p 00005000 08:0b 400205                     /usr/lib/x86_64-linux-gnu/libXtst.so.6.1.0
7f3113cc6000-7f3113dfb000 r-xp 00000000 08:0b 400162                     /usr/lib/x86_64-linux-gnu/libX11.so.6.3.0
7f3113dfb000-7f3113ffb000 ---p 00135000 08:0b 400162                     /usr/lib/x86_64-linux-gnu/libX11.so.6.3.0
7f3113ffb000-7f3113ffc000 r--p 00135000 08:0b 400162                     /usr/lib/x86_64-linux-gnu/libX11.so.6.3.0
7f3113ffc000-7f3114000000 rw-p 00136000 08:0b 400162                     /usr/lib/x86_64-linux-gnu/libX11.so.6.3.0
7f3114000000-7f3114021000 rw-p 00000000 00:00 0 
7f3114021000-7f3118000000 ---p 00000000 00:00 0 
7f311803c000-7f3118045000 r-xp 00000000 08:0b 400199                     /usr/lib/x86_64-linux-gnu/libXrender.so.1.3.0
7f3118045000-7f3118244000 ---p 00009000 08:0b 400199                     /usr/lib/x86_64-linux-gnu/libXrender.so.1.3.0
7f3118244000-7f3118245000 r--p 00008000 08:0b 400199                     /usr/lib/x86_64-linux-gnu/libXrender.so.1.3.0
7f3118245000-7f3118246000 rw-p 00009000 08:0b 400199                     /usr/lib/x86_64-linux-gnu/libXrender.so.1.3.0
7f3118246000-7f3118257000 r-xp 00000000 08:0b 400179                     /usr/lib/x86_64-linux-gnu/libXext.so.6.4.0
7f3118257000-7f3118456000 ---p 00011000 08:0b 400179                     /usr/lib/x86_64-linux-gnu/libXext.so.6.4.0
7f3118456000-7f3118457000 r--p 00010000 08:0b 400179                     /usr/lib/x86_64-linux-gnu/libXext.so.6.4.0
7f3118457000-7f3118458000 rw-p 00011000 08:0b 400179                     /usr/lib/x86_64-linux-gnu/libXext.so.6.4.0
7f3118458000-7f31184ac000 r-xp 00000000 08:0b 297531                     /usr/lib/jvm/java-8-openjdk-amd64/jre/lib/amd64/libawt_xawt.so
7f31184ac000-7f31186ac000 ---p 00054000 08:0b 297531                     /usr/lib/jvm/java-8-openjdk-amd64/jre/lib/amd64/libawt_xawt.so
7f31186ac000-7f31186ad000 r--p 00054000 08:0b 297531                     /usr/lib/jvm/java-8-openjdk-amd64/jre/lib/amd64/libawt_xawt.so
7f31186ad000-7f31186b0000 rw-p 00055000 08:0b 297531                     /usr/lib/jvm/java-8-openjdk-amd64/jre/lib/amd64/libawt_xawt.so
7f31186b0000-7f31186b1000 rw-p 00000000 00:00 0 
7f31186b1000-7f3118751000 r-xp 00000000 08:0b 297505                     /usr/lib/jvm/java-8-openjdk-amd64/jre/lib/amd64/libawt.so
7f3118751000-7f3118951000 ---p 000a0000 08:0b 297505                     /usr/lib/jvm/java-8-openjdk-amd64/jre/lib/amd64/libawt.so
7f3118951000-7f3118952000 r--p 000a0000 08:0b 297505                     /usr/lib/jvm/java-8-openjdk-amd64/jre/lib/amd64/libawt.so
7f3118952000-7f311895d000 rw-p 000a1000 08:0b 297505                     /usr/lib/jvm/java-8-openjdk-amd64/jre/lib/amd64/libawt.so
7f311895d000-7f3118982000 rw-p 00000000 00:00 0 
7f3118982000-7f3118983000 ---p 00000000 00:00 0 
7f3118983000-7f3118a83000 rw-p 00000000 00:00 0 
7f3118a83000-7f3118a86000 ---p 00000000 00:00 0 
7f3118a86000-7f3118b84000 rw-p 00000000 00:00 0 
7f3118b84000-7f3118b87000 ---p 00000000 00:00 0 
7f3118b87000-7f3118c85000 rw-p 00000000 00:00 0 
7f3118c85000-7f3118c88000 ---p 00000000 00:00 0 
7f3118c88000-7f3118d86000 rw-p 00000000 00:00 0 
7f3118d86000-7f3118d89000 ---p 00000000 00:00 0 
7f3118d89000-7f3118e87000 rw-p 00000000 00:00 0 
7f3118e87000-7f3118e8a000 ---p 00000000 00:00 0 
7f3118e8a000-7f3118f88000 rw-p 00000000 00:00 0 
7f3118f88000-7f3118f8b000 ---p 00000000 00:00 0 
7f3118f8b000-7f3119089000 rw-p 00000000 00:00 0 
7f3119089000-7f3119a48000 r--p 00000000 08:0b 268080                     /usr/lib/locale/locale-archive
7f3119a48000-7f3119a4b000 ---p 00000000 00:00 0 
7f3119a4b000-7f3119b49000 rw-p 00000000 00:00 0 
7f3119b49000-7f3119b4c000 ---p 00000000 00:00 0 
7f3119b4c000-7f3119c4a000 rw-p 00000000 00:00 0 
7f3119c4a000-7f3119c4b000 ---p 00000000 00:00 0 
7f3119c4b000-7f311c000000 rw-p 00000000 00:00 0 
7f311c000000-7f311c021000 rw-p 00000000 00:00 0 
7f311c021000-7f3120000000 ---p 00000000 00:00 0 
7f3120026000-7f3120044000 r-xp 00000000 08:0b 130609                     /lib/x86_64-linux-gnu/libudev.so.1.6.4
7f3120044000-7f3120045000 r--p 0001d000 08:0b 130609                     /lib/x86_64-linux-gnu/libudev.so.1.6.4
7f3120045000-7f3120046000 rw-p 0001e000 08:0b 130609                     /lib/x86_64-linux-gnu/libudev.so.1.6.4
7f3120046000-7f3120049000 r-xp 00000000 08:0b 400670                     /usr/lib/x86_64-linux-gnu/libQt5X11Extras.so.5.5.1
7f3120049000-7f312004a000 r--p 00002000 08:0b 400670                     /usr/lib/x86_64-linux-gnu/libQt5X11Extras.so.5.5.1
7f312004a000-7f312004b000 rw-p 00003000 08:0b 400670                     /usr/lib/x86_64-linux-gnu/libQt5X11Extras.so.5.5.1
7f312005c000-7f3120063000 r--s 00000000 08:0b 528339                     /usr/lib/x86_64-linux-gnu/gconv/gconv-modules.cache
7f3120063000-7f3120067000 r--s 00097000 08:0b 297570                     /usr/lib/jvm/java-8-openjdk-amd64/jre/lib/jsse.jar
7f3120067000-7f312007a000 r--s 00345000 08:0b 297535                     /usr/lib/jvm/java-8-openjdk-amd64/jre/lib/resources.jar
7f312007a000-7f3120080000 r--s 002f8000 08:0b 297549                     /usr/lib/jvm/java-8-openjdk-amd64/jre/lib/charsets.jar
7f3120080000-7f312008a000 r--s 00048000 08:0d 919031                     /home/vincent/workspace/softeng206-a03/src/vlcj-2.3.1.jar
7f312008a000-7f3120099000 r--s 0011b000 08:0d 918894                     /home/vincent/workspace/softeng206-a03/src/jna-platform-4.0.0.jar
7f3120099000-7f31200b5000 r--s 00393000 08:0b 297561                     /usr/lib/jvm/java-8-openjdk-amd64/jre/lib/ext/cldrdata.jar
7f31200b5000-7f31200d0000 r--s 001d7000 08:0b 297559                     /usr/lib/jvm/java-8-openjdk-amd64/jre/lib/ext/nashorn.jar
7f31200d0000-7f3121000000 rw-p 00000000 00:00 0 
7f3121000000-7f31212c0000 rwxp 00000000 00:00 0 
7f31212c0000-7f3130000000 ---p 00000000 00:00 0 
7f3130000000-7f31302ea000 rw-p 00000000 00:00 0 
7f31302ea000-7f3134000000 ---p 00000000 00:00 0 
7f3134002000-7f3134006000 r--s 000dc000 08:0d 918928                     /home/vincent/workspace/softeng206-a03/src/jna-4.0.0.jar
7f3134006000-7f313400a000 r--s 00037000 08:0b 297568                     /usr/lib/jvm/java-8-openjdk-amd64/jre/lib/ext/sunpkcs11.jar
7f313400a000-7f313400d000 r--s 0000f000 08:0b 297566                     /usr/lib/jvm/java-8-openjdk-amd64/jre/lib/ext/icedtea-sound.jar
7f313400d000-7f3134016000 r--s 0006a000 08:0b 262879                     /usr/lib/jvm/java-8-openjdk-amd64/jre/lib/ext/emma.jar
7f3134016000-7f3134830000 rw-p 00000000 00:00 0 
7f3134830000-7f31349fe000 r--s 03beb000 08:0b 297547                     /usr/lib/jvm/java-8-openjdk-amd64/jre/lib/rt.jar
7f31349fe000-7f313544f000 rw-p 00000000 00:00 0 
7f313544f000-7f3135450000 ---p 00000000 00:00 0 
7f3135450000-7f3135550000 rw-p 00000000 00:00 0 
7f3135550000-7f3135551000 ---p 00000000 00:00 0 
7f3135551000-7f3135651000 rw-p 00000000 00:00 0 
7f3135651000-7f3135652000 ---p 00000000 00:00 0 
7f3135652000-7f3135752000 rw-p 00000000 00:00 0 
7f3135752000-7f3135753000 ---p 00000000 00:00 0 
7f3135753000-7f3135853000 rw-p 00000000 00:00 0 
7f3135853000-7f3135854000 ---p 00000000 00:00 0 
7f3135854000-7f3135954000 rw-p 00000000 00:00 0 
7f3135954000-7f3135955000 ---p 00000000 00:00 0 
7f3135955000-7f3135a55000 rw-p 00000000 00:00 0 
7f3135a55000-7f3135a56000 ---p 00000000 00:00 0 
7f3135a56000-7f3135b56000 rw-p 00000000 00:00 0 
7f3135b56000-7f3135b57000 ---p 00000000 00:00 0 
7f3135b57000-7f3135c6b000 rw-p 00000000 00:00 0 
7f3135c6b000-7f3135d94000 ---p 00000000 00:00 0 
7f3135d94000-7f3135da8000 rw-p 00000000 00:00 0 
7f3135da8000-7f3135ed0000 ---p 00000000 00:00 0 
7f3135ed0000-7f3135edb000 rw-p 00000000 00:00 0 
7f3135edb000-7f3135f6f000 ---p 00000000 00:00 0 
7f3135f6f000-7f3135f7b000 rw-p 00000000 00:00 0 
7f3135f7b000-7f3136330000 ---p 00000000 00:00 0 
7f3136330000-7f3136338000 r-xp 00000000 08:0b 297515                     /usr/lib/jvm/java-8-openjdk-amd64/jre/lib/amd64/libzip.so
7f3136338000-7f3136537000 ---p 00008000 08:0b 297515                     /usr/lib/jvm/java-8-openjdk-amd64/jre/lib/amd64/libzip.so
7f3136537000-7f3136538000 r--p 00007000 08:0b 297515                     /usr/lib/jvm/java-8-openjdk-amd64/jre/lib/amd64/libzip.so
7f3136538000-7f3136539000 rw-p 00008000 08:0b 297515                     /usr/lib/jvm/java-8-openjdk-amd64/jre/lib/amd64/libzip.so
7f3136539000-7f3136544000 r-xp 00000000 08:0b 136455                     /lib/x86_64-linux-gnu/libnss_files-2.23.so
7f3136544000-7f3136743000 ---p 0000b000 08:0b 136455                     /lib/x86_64-linux-gnu/libnss_files-2.23.so
7f3136743000-7f3136744000 r--p 0000a000 08:0b 136455                     /lib/x86_64-linux-gnu/libnss_files-2.23.so
7f3136744000-7f3136745000 rw-p 0000b000 08:0b 136455                     /lib/x86_64-linux-gnu/libnss_files-2.23.so
7f3136745000-7f313674b000 rw-p 00000000 00:00 0 
7f313674b000-7f3136756000 r-xp 00000000 08:0b 136465                     /lib/x86_64-linux-gnu/libnss_nis-2.23.so
7f3136756000-7f3136955000 ---p 0000b000 08:0b 136465                     /lib/x86_64-linux-gnu/libnss_nis-2.23.so
7f3136955000-7f3136956000 r--p 0000a000 08:0b 136465                     /lib/x86_64-linux-gnu/libnss_nis-2.23.so
7f3136956000-7f3136957000 rw-p 0000b000 08:0b 136465                     /lib/x86_64-linux-gnu/libnss_nis-2.23.so
7f3136957000-7f313696d000 r-xp 00000000 08:0b 136449                     /lib/x86_64-linux-gnu/libnsl-2.23.so
7f313696d000-7f3136b6c000 ---p 00016000 08:0b 136449                     /lib/x86_64-linux-gnu/libnsl-2.23.so
7f3136b6c000-7f3136b6d000 r--p 00015000 08:0b 136449                     /lib/x86_64-linux-gnu/libnsl-2.23.so
7f3136b6d000-7f3136b6e000 rw-p 00016000 08:0b 136449                     /lib/x86_64-linux-gnu/libnsl-2.23.so
7f3136b6e000-7f3136b70000 rw-p 00000000 00:00 0 
7f3136b70000-7f3136b78000 r-xp 00000000 08:0b 136451                     /lib/x86_64-linux-gnu/libnss_compat-2.23.so
7f3136b78000-7f3136d77000 ---p 00008000 08:0b 136451                     /lib/x86_64-linux-gnu/libnss_compat-2.23.so
7f3136d77000-7f3136d78000 r--p 00007000 08:0b 136451                     /lib/x86_64-linux-gnu/libnss_compat-2.23.so
7f3136d78000-7f3136d79000 rw-p 00008000 08:0b 136451                     /lib/x86_64-linux-gnu/libnss_compat-2.23.so
7f3136d79000-7f3136da6000 r-xp 00000000 08:0b 297500                     /usr/lib/jvm/java-8-openjdk-amd64/jre/lib/amd64/libjava.so
7f3136da6000-7f3136fa5000 ---p 0002d000 08:0b 297500                     /usr/lib/jvm/java-8-openjdk-amd64/jre/lib/amd64/libjava.so
7f3136fa5000-7f3136fa6000 r--p 0002c000 08:0b 297500                     /usr/lib/jvm/java-8-openjdk-amd64/jre/lib/amd64/libjava.so
7f3136fa6000-7f3136fa8000 rw-p 0002d000 08:0b 297500                     /usr/lib/jvm/java-8-openjdk-amd64/jre/lib/amd64/libjava.so
7f3136fa8000-7f3136fb7000 r-xp 00000000 08:0b 297501                     /usr/lib/jvm/java-8-openjdk-amd64/jre/lib/amd64/libverify.so
7f3136fb7000-7f31371b6000 ---p 0000f000 08:0b 297501                     /usr/lib/jvm/java-8-openjdk-amd64/jre/lib/amd64/libverify.so
7f31371b6000-7f31371b8000 r--p 0000e000 08:0b 297501                     /usr/lib/jvm/java-8-openjdk-amd64/jre/lib/amd64/libverify.so
7f31371b8000-7f31371b9000 rw-p 00010000 08:0b 297501                     /usr/lib/jvm/java-8-openjdk-amd64/jre/lib/amd64/libverify.so
7f31371b9000-7f31371c0000 r-xp 00000000 08:0b 136510                     /lib/x86_64-linux-gnu/librt-2.23.so
7f31371c0000-7f31373bf000 ---p 00007000 08:0b 136510                     /lib/x86_64-linux-gnu/librt-2.23.so
7f31373bf000-7f31373c0000 r--p 00006000 08:0b 136510                     /lib/x86_64-linux-gnu/librt-2.23.so
7f31373c0000-7f31373c1000 rw-p 00007000 08:0b 136510                     /lib/x86_64-linux-gnu/librt-2.23.so
7f31373c1000-7f31373d7000 r-xp 00000000 08:0b 136394                     /lib/x86_64-linux-gnu/libgcc_s.so.1
7f31373d7000-7f31375d6000 ---p 00016000 08:0b 136394                     /lib/x86_64-linux-gnu/libgcc_s.so.1
7f31375d6000-7f31375d7000 rw-p 00015000 08:0b 136394                     /lib/x86_64-linux-gnu/libgcc_s.so.1
7f31375d7000-7f31376df000 r-xp 00000000 08:0b 136426                     /lib/x86_64-linux-gnu/libm-2.23.so
7f31376df000-7f31378de000 ---p 00108000 08:0b 136426                     /lib/x86_64-linux-gnu/libm-2.23.so
7f31378de000-7f31378df000 r--p 00107000 08:0b 136426                     /lib/x86_64-linux-gnu/libm-2.23.so
7f31378df000-7f31378e0000 rw-p 00108000 08:0b 136426                     /lib/x86_64-linux-gnu/libm-2.23.so
7f31378e0000-7f3137a52000 r-xp 00000000 08:0b 392447                     /usr/lib/x86_64-linux-gnu/libstdc++.so.6.0.21
7f3137a52000-7f3137c52000 ---p 00172000 08:0b 392447                     /usr/lib/x86_64-linux-gnu/libstdc++.so.6.0.21
7f3137c52000-7f3137c5c000 r--p 00172000 08:0b 392447                     /usr/lib/x86_64-linux-gnu/libstdc++.so.6.0.21
7f3137c5c000-7f3137c5e000 rw-p 0017c000 08:0b 392447                     /usr/lib/x86_64-linux-gnu/libstdc++.so.6.0.21
7f3137c5e000-7f3137c62000 rw-p 00000000 00:00 0 
7f3137c62000-7f31388a8000 r-xp 00000000 08:0b 297513                     /usr/lib/jvm/java-8-openjdk-amd64/jre/lib/amd64/server/libjvm.so
7f31388a8000-7f3138aa8000 ---p 00c46000 08:0b 297513                     /usr/lib/jvm/java-8-openjdk-amd64/jre/lib/amd64/server/libjvm.so
7f3138aa8000-7f3138b3b000 r--p 00c46000 08:0b 297513                     /usr/lib/jvm/java-8-openjdk-amd64/jre/lib/amd64/server/libjvm.so
7f3138b3b000-7f3138b63000 rw-p 00cd9000 08:0b 297513                     /usr/lib/jvm/java-8-openjdk-amd64/jre/lib/amd64/server/libjvm.so
7f3138b63000-7f3138b93000 rw-p 00000000 00:00 0 
7f3138b93000-7f3138bab000 r-xp 00000000 08:0b 136502                     /lib/x86_64-linux-gnu/libpthread-2.23.so
7f3138bab000-7f3138daa000 ---p 00018000 08:0b 136502                     /lib/x86_64-linux-gnu/libpthread-2.23.so
7f3138daa000-7f3138dab000 r--p 00017000 08:0b 136502                     /lib/x86_64-linux-gnu/libpthread-2.23.so
7f3138dab000-7f3138dac000 rw-p 00018000 08:0b 136502                     /lib/x86_64-linux-gnu/libpthread-2.23.so
7f3138dac000-7f3138db0000 rw-p 00000000 00:00 0 
7f3138db0000-7f3138db3000 r-xp 00000000 08:0b 136380                     /lib/x86_64-linux-gnu/libdl-2.23.so
7f3138db3000-7f3138fb2000 ---p 00003000 08:0b 136380                     /lib/x86_64-linux-gnu/libdl-2.23.so
7f3138fb2000-7f3138fb3000 r--p 00002000 08:0b 136380                     /lib/x86_64-linux-gnu/libdl-2.23.so
7f3138fb3000-7f3138fb4000 rw-p 00003000 08:0b 136380                     /lib/x86_64-linux-gnu/libdl-2.23.so
7f3138fb4000-7f3138fcd000 r-xp 00000000 08:0b 136547                     /lib/x86_64-linux-gnu/libz.so.1.2.8
7f3138fcd000-7f31391cc000 ---p 00019000 08:0b 136547                     /lib/x86_64-linux-gnu/libz.so.1.2.8
7f31391cc000-7f31391cd000 r--p 00018000 08:0b 136547                     /lib/x86_64-linux-gnu/libz.so.1.2.8
7f31391cd000-7f31391ce000 rw-p 00019000 08:0b 136547                     /lib/x86_64-linux-gnu/libz.so.1.2.8
7f31391ce000-7f313938e000 r-xp 00000000 08:0b 136356                     /lib/x86_64-linux-gnu/libc-2.23.so
7f313938e000-7f313958d000 ---p 001c0000 08:0b 136356                     /lib/x86_64-linux-gnu/libc-2.23.so
7f313958d000-7f3139591000 r--p 001bf000 08:0b 136356                     /lib/x86_64-linux-gnu/libc-2.23.so
7f3139591000-7f3139593000 rw-p 001c3000 08:0b 136356                     /lib/x86_64-linux-gnu/libc-2.23.so
7f3139593000-7f3139597000 rw-p 00000000 00:00 0 
7f3139597000-7f31395a4000 r-xp 00000000 08:0b 297529                     /usr/lib/jvm/java-8-openjdk-amd64/jre/lib/amd64/jli/libjli.so
7f31395a4000-7f31397a4000 ---p 0000d000 08:0b 297529                     /usr/lib/jvm/java-8-openjdk-amd64/jre/lib/amd64/jli/libjli.so
7f31397a4000-7f31397a5000 r--p 0000d000 08:0b 297529                     /usr/lib/jvm/java-8-openjdk-amd64/jre/lib/amd64/jli/libjli.so
7f31397a5000-7f31397a6000 rw-p 0000e000 08:0b 297529                     /usr/lib/jvm/java-8-openjdk-amd64/jre/lib/amd64/jli/libjli.so
7f31397a6000-7f31397cc000 r-xp 00000000 08:0b 136328                     /lib/x86_64-linux-gnu/ld-2.23.so
7f31397cc000-7f31397cd000 rwxp 00000000 00:00 0 
7f31397cd000-7f31397ce000 r--s 00008000 08:0b 297562                     /usr/lib/jvm/java-8-openjdk-amd64/jre/lib/ext/sunec.jar
7f31397ce000-7f31397d3000 r--s 0003b000 08:0b 297565                     /usr/lib/jvm/java-8-openjdk-amd64/jre/lib/ext/sunjce_provider.jar
7f31397d3000-7f31398ab000 rw-p 00000000 00:00 0 
7f31398ab000-7f31398ae000 ---p 00000000 00:00 0 
7f31398ae000-7f31399b1000 rw-p 00000000 00:00 0 
7f31399b1000-7f31399b2000 r--s 00010000 08:0b 297564                     /usr/lib/jvm/java-8-openjdk-amd64/jre/lib/ext/zipfs.jar
7f31399b2000-7f31399b3000 r--s 0000a000 08:0b 297563                     /usr/lib/jvm/java-8-openjdk-amd64/jre/lib/ext/jaccess.jar
7f31399b3000-7f31399bd000 r--s 00116000 08:0b 297567                     /usr/lib/jvm/java-8-openjdk-amd64/jre/lib/ext/localedata.jar
7f31399bd000-7f31399bf000 r--s 00001000 08:0b 297560                     /usr/lib/jvm/java-8-openjdk-amd64/jre/lib/ext/dnsns.jar
7f31399bf000-7f31399c7000 rw-s 00000000 08:0b 677528                     /tmp/hsperfdata_vincent/25993
7f31399c7000-7f31399c8000 rw-p 00000000 00:00 0 
7f31399c8000-7f31399c9000 r--p 00000000 00:00 0 
7f31399c9000-7f31399cb000 rw-p 00000000 00:00 0 
7f31399cb000-7f31399cc000 r--p 00025000 08:0b 136328                     /lib/x86_64-linux-gnu/ld-2.23.so
7f31399cc000-7f31399cd000 rw-p 00026000 08:0b 136328                     /lib/x86_64-linux-gnu/ld-2.23.so
7f31399cd000-7f31399ce000 rw-p 00000000 00:00 0 
7ffc38e7d000-7ffc38e9e000 rw-p 00000000 00:00 0                          [stack]
7ffc38f9c000-7ffc38f9e000 r--p 00000000 00:00 0                          [vvar]
7ffc38f9e000-7ffc38fa0000 r-xp 00000000 00:00 0                          [vdso]
ffffffffff600000-ffffffffff601000 r-xp 00000000 00:00 0                  [vsyscall]

VM Arguments:
jvm_args: -Dfile.encoding=UTF-8 
java_command: Test
java_class_path (initial): /home/vincent/workspace/softeng206-a03/bin:/home/vincent/workspace/softeng206-a03/src/jna-4.0.0.jar:/home/vincent/workspace/softeng206-a03/src/jna-platform-4.0.0.jar:/home/vincent/workspace/softeng206-a03/src/vlcj-2.3.1.jar
Launcher Type: SUN_STANDARD

Environment Variables:
PATH=/usr/local/sbin:/usr/local/bin:/usr/sbin:/usr/bin:/sbin:/bin:/usr/games:/usr/local/games:/snap/bin
SHELL=/bin/bash
DISPLAY=:0

Signal Handlers:
SIGSEGV: [libjvm.so+0xa5e970], sa_mask[0]=11111111011111111101111111111110, sa_flags=SA_RESTART|SA_SIGINFO
SIGBUS: [libjvm.so+0xa5e970], sa_mask[0]=11111111011111111101111111111110, sa_flags=SA_RESTART|SA_SIGINFO
SIGFPE: [libjvm.so+0x8a9ff0], sa_mask[0]=11111111011111111101111111111110, sa_flags=SA_RESTART|SA_SIGINFO
SIGPIPE: [libjvm.so+0x8a9ff0], sa_mask[0]=11111111011111111101111111111110, sa_flags=SA_RESTART|SA_SIGINFO
SIGXFSZ: [libjvm.so+0x8a9ff0], sa_mask[0]=11111111011111111101111111111110, sa_flags=SA_RESTART|SA_SIGINFO
SIGILL: [libjvm.so+0x8a9ff0], sa_mask[0]=11111111011111111101111111111110, sa_flags=SA_RESTART|SA_SIGINFO
SIGUSR1: SIG_DFL, sa_mask[0]=00000000000000000000000000000000, sa_flags=none
SIGUSR2: [libjvm.so+0x8a9ea0], sa_mask[0]=00100000000000000000000000000000, sa_flags=SA_RESTART|SA_SIGINFO
SIGHUP: [libjvm.so+0x8aa370], sa_mask[0]=11111111011111111101111111111110, sa_flags=SA_RESTART|SA_SIGINFO
SIGINT: [libjvm.so+0x8aa370], sa_mask[0]=11111111011111111101111111111110, sa_flags=SA_RESTART|SA_SIGINFO
SIGTERM: [libjvm.so+0x8aa370], sa_mask[0]=11111111011111111101111111111110, sa_flags=SA_RESTART|SA_SIGINFO
SIGQUIT: [libjvm.so+0x8aa370], sa_mask[0]=11111111011111111101111111111110, sa_flags=SA_RESTART|SA_SIGINFO


---------------  S Y S T E M  ---------------

OS:DISTRIB_ID=Ubuntu
DISTRIB_RELEASE=16.04
DISTRIB_CODENAME=xenial
DISTRIB_DESCRIPTION="Ubuntu 16.04.1 LTS"

uname:Linux 4.4.0-36-generic #55-Ubuntu SMP Thu Aug 11 18:01:55 UTC 2016 x86_64
libc:glibc 2.23 NPTL 2.23 
rlimit: STACK 8192k, CORE 0k, NPROC 14254, NOFILE 65536, AS infinity
load average:0.58 0.46 0.41

/proc/meminfo:
MemTotal:        3888520 kB
MemFree:          167836 kB
MemAvailable:     800696 kB
Buffers:           73340 kB
Cached:           956448 kB
SwapCached:        34584 kB
Active:          2420828 kB
Inactive:         946876 kB
Active(anon):    1991616 kB
Inactive(anon):   665048 kB
Active(file):     429212 kB
Inactive(file):   281828 kB
Unevictable:          32 kB
Mlocked:              32 kB
SwapTotal:       8000508 kB
SwapFree:        7690172 kB
Dirty:               472 kB
Writeback:             0 kB
AnonPages:       2319528 kB
Mapped:           246452 kB
Shmem:            319076 kB
Slab:             255980 kB
SReclaimable:     212884 kB
SUnreclaim:        43096 kB
KernelStack:       12080 kB
PageTables:        36796 kB
NFS_Unstable:          0 kB
Bounce:                0 kB
WritebackTmp:          0 kB
CommitLimit:     9944768 kB
Committed_AS:    6695792 kB
VmallocTotal:   34359738367 kB
VmallocUsed:           0 kB
VmallocChunk:          0 kB
HardwareCorrupted:     0 kB
AnonHugePages:   1038336 kB
CmaTotal:              0 kB
CmaFree:               0 kB
HugePages_Total:       0
HugePages_Free:        0
HugePages_Rsvd:        0
HugePages_Surp:        0
Hugepagesize:       2048 kB
DirectMap4k:      137528 kB
DirectMap2M:     3899392 kB


CPU:total 8 (4 cores per cpu, 2 threads per core) family 6 model 58 stepping 9, cmov, cx8, fxsr, mmx, sse, sse2, sse3, ssse3, sse4.1, sse4.2, popcnt, avx, clmul, erms, ht, tsc, tscinvbit, tscinv

/proc/cpuinfo:
processor	: 0
vendor_id	: GenuineIntel
cpu family	: 6
model		: 58
model name	: Intel(R) Core(TM) i7-3632QM CPU @ 2.20GHz
stepping	: 9
microcode	: 0x12
cpu MHz		: 2910.617
cache size	: 6144 KB
physical id	: 0
siblings	: 8
core id		: 0
cpu cores	: 4
apicid		: 0
initial apicid	: 0
fpu		: yes
fpu_exception	: yes
cpuid level	: 13
wp		: yes
flags		: fpu vme de pse tsc msr pae mce cx8 apic sep mtrr pge mca cmov pat pse36 clflush dts acpi mmx fxsr sse sse2 ss ht tm pbe syscall nx rdtscp lm constant_tsc arch_perfmon pebs bts rep_good nopl xtopology nonstop_tsc aperfmperf eagerfpu pni pclmulqdq dtes64 monitor ds_cpl vmx est tm2 ssse3 cx16 xtpr pdcm pcid sse4_1 sse4_2 x2apic popcnt tsc_deadline_timer xsave avx f16c rdrand lahf_lm epb tpr_shadow vnmi flexpriority ept vpid fsgsbase smep erms xsaveopt dtherm ida arat pln pts
bugs		:
bogomips	: 4389.71
clflush size	: 64
cache_alignment	: 64
address sizes	: 36 bits physical, 48 bits virtual
power management:

processor	: 1
vendor_id	: GenuineIntel
cpu family	: 6
model		: 58
model name	: Intel(R) Core(TM) i7-3632QM CPU @ 2.20GHz
stepping	: 9
microcode	: 0x12
cpu MHz		: 2908.039
cache size	: 6144 KB
physical id	: 0
siblings	: 8
core id		: 0
cpu cores	: 4
apicid		: 1
initial apicid	: 1
fpu		: yes
fpu_exception	: yes
cpuid level	: 13
wp		: yes
flags		: fpu vme de pse tsc msr pae mce cx8 apic sep mtrr pge mca cmov pat pse36 clflush dts acpi mmx fxsr sse sse2 ss ht tm pbe syscall nx rdtscp lm constant_tsc arch_perfmon pebs bts rep_good nopl xtopology nonstop_tsc aperfmperf eagerfpu pni pclmulqdq dtes64 monitor ds_cpl vmx est tm2 ssse3 cx16 xtpr pdcm pcid sse4_1 sse4_2 x2apic popcnt tsc_deadline_timer xsave avx f16c rdrand lahf_lm epb tpr_shadow vnmi flexpriority ept vpid fsgsbase smep erms xsaveopt dtherm ida arat pln pts
bugs		:
bogomips	: 4389.71
clflush size	: 64
cache_alignment	: 64
address sizes	: 36 bits physical, 48 bits virtual
power management:

processor	: 2
vendor_id	: GenuineIntel
cpu family	: 6
model		: 58
model name	: Intel(R) Core(TM) i7-3632QM CPU @ 2.20GHz
stepping	: 9
microcode	: 0x12
cpu MHz		: 2878.562
cache size	: 6144 KB
physical id	: 0
siblings	: 8
core id		: 1
cpu cores	: 4
apicid		: 2
initial apicid	: 2
fpu		: yes
fpu_exception	: yes
cpuid level	: 13
wp		: yes
flags		: fpu vme de pse tsc msr pae mce cx8 apic sep mtrr pge mca cmov pat pse36 clflush dts acpi mmx fxsr sse sse2 ss ht tm pbe syscall nx rdtscp lm constant_tsc arch_perfmon pebs bts rep_good nopl xtopology nonstop_tsc aperfmperf eagerfpu pni pclmulqdq dtes64 monitor ds_cpl vmx est tm2 ssse3 cx16 xtpr pdcm pcid sse4_1 sse4_2 x2apic popcnt tsc_deadline_timer xsave avx f16c rdrand lahf_lm epb tpr_shadow vnmi flexpriority ept vpid fsgsbase smep erms xsaveopt dtherm ida arat pln pts
bugs		:
bogomips	: 4389.71
clflush size	: 64
cache_alignment	: 64
address sizes	: 36 bits physical, 48 bits virtual
power management:

processor	: 3
vendor_id	: GenuineIntel
cpu family	: 6
model		: 58
model name	: Intel(R) Core(TM) i7-3632QM CPU @ 2.20GHz
stepping	: 9
microcode	: 0x12
cpu MHz		: 2899.960
cache size	: 6144 KB
physical id	: 0
siblings	: 8
core id		: 1
cpu cores	: 4
apicid		: 3
initial apicid	: 3
fpu		: yes
fpu_exception	: yes
cpuid level	: 13
wp		: yes
flags		: fpu vme de pse tsc msr pae mce cx8 apic sep mtrr pge mca cmov pat pse36 clflush dts acpi mmx fxsr sse sse2 ss ht tm pbe syscall nx rdtscp lm constant_tsc arch_perfmon pebs bts rep_good nopl xtopology nonstop_tsc aperfmperf eagerfpu pni pclmulqdq dtes64 monitor ds_cpl vmx est tm2 ssse3 cx16 xtpr pdcm pcid sse4_1 sse4_2 x2apic popcnt tsc_deadline_timer xsave avx f16c rdrand lahf_lm epb tpr_shadow vnmi flexpriority ept vpid fsgsbase smep erms xsaveopt dtherm ida arat pln pts
bugs		:
bogomips	: 4389.71
clflush size	: 64
cache_alignment	: 64
address sizes	: 36 bits physical, 48 bits virtual
power management:

processor	: 4
vendor_id	: GenuineIntel
cpu family	: 6
model		: 58
model name	: Intel(R) Core(TM) i7-3632QM CPU @ 2.20GHz
stepping	: 9
microcode	: 0x12
cpu MHz		: 2821.585
cache size	: 6144 KB
physical id	: 0
siblings	: 8
core id		: 2
cpu cores	: 4
apicid		: 4
initial apicid	: 4
fpu		: yes
fpu_exception	: yes
cpuid level	: 13
wp		: yes
flags		: fpu vme de pse tsc msr pae mce cx8 apic sep mtrr pge mca cmov pat pse36 clflush dts acpi mmx fxsr sse sse2 ss ht tm pbe syscall nx rdtscp lm constant_tsc arch_perfmon pebs bts rep_good nopl xtopology nonstop_tsc aperfmperf eagerfpu pni pclmulqdq dtes64 monitor ds_cpl vmx est tm2 ssse3 cx16 xtpr pdcm pcid sse4_1 sse4_2 x2apic popcnt tsc_deadline_timer xsave avx f16c rdrand lahf_lm epb tpr_shadow vnmi flexpriority ept vpid fsgsbase smep erms xsaveopt dtherm ida arat pln pts
bugs		:
bogomips	: 4389.71
clflush size	: 64
cache_alignment	: 64
address sizes	: 36 bits physical, 48 bits virtual
power management:

processor	: 5
vendor_id	: GenuineIntel
cpu family	: 6
model		: 58
model name	: Intel(R) Core(TM) i7-3632QM CPU @ 2.20GHz
stepping	: 9
microcode	: 0x12
cpu MHz		: 2899.015
cache size	: 6144 KB
physical id	: 0
siblings	: 8
core id		: 2
cpu cores	: 4
apicid		: 5
initial apicid	: 5
fpu		: yes
fpu_exception	: yes
cpuid level	: 13
wp		: yes
flags		: fpu vme de pse tsc msr pae mce cx8 apic sep mtrr pge mca cmov pat pse36 clflush dts acpi mmx fxsr sse sse2 ss ht tm pbe syscall nx rdtscp lm constant_tsc arch_perfmon pebs bts rep_good nopl xtopology nonstop_tsc aperfmperf eagerfpu pni pclmulqdq dtes64 monitor ds_cpl vmx est tm2 ssse3 cx16 xtpr pdcm pcid sse4_1 sse4_2 x2apic popcnt tsc_deadline_timer xsave avx f16c rdrand lahf_lm epb tpr_shadow vnmi flexpriority ept vpid fsgsbase smep erms xsaveopt dtherm ida arat pln pts
bugs		:
bogomips	: 4389.71
clflush size	: 64
cache_alignment	: 64
address sizes	: 36 bits physical, 48 bits virtual
power management:

processor	: 6
vendor_id	: GenuineIntel
cpu family	: 6
model		: 58
model name	: Intel(R) Core(TM) i7-3632QM CPU @ 2.20GHz
stepping	: 9
microcode	: 0x12
cpu MHz		: 2899.960
cache size	: 6144 KB
physical id	: 0
siblings	: 8
core id		: 3
cpu cores	: 4
apicid		: 6
initial apicid	: 6
fpu		: yes
fpu_exception	: yes
cpuid level	: 13
wp		: yes
flags		: fpu vme de pse tsc msr pae mce cx8 apic sep mtrr pge mca cmov pat pse36 clflush dts acpi mmx fxsr sse sse2 ss ht tm pbe syscall nx rdtscp lm constant_tsc arch_perfmon pebs bts rep_good nopl xtopology nonstop_tsc aperfmperf eagerfpu pni pclmulqdq dtes64 monitor ds_cpl vmx est tm2 ssse3 cx16 xtpr pdcm pcid sse4_1 sse4_2 x2apic popcnt tsc_deadline_timer xsave avx f16c rdrand lahf_lm epb tpr_shadow vnmi flexpriority ept vpid fsgsbase smep erms xsaveopt dtherm ida arat pln pts
bugs		:
bogomips	: 4389.71
clflush size	: 64
cache_alignment	: 64
address sizes	: 36 bits physical, 48 bits virtual
power management:

processor	: 7
vendor_id	: GenuineIntel
cpu family	: 6
model		: 58
model name	: Intel(R) Core(TM) i7-3632QM CPU @ 2.20GHz
stepping	: 9
microcode	: 0x12
cpu MHz		: 2698.437
cache size	: 6144 KB
physical id	: 0
siblings	: 8
core id		: 3
cpu cores	: 4
apicid		: 7
initial apicid	: 7
fpu		: yes
fpu_exception	: yes
cpuid level	: 13
wp		: yes
flags		: fpu vme de pse tsc msr pae mce cx8 apic sep mtrr pge mca cmov pat pse36 clflush dts acpi mmx fxsr sse sse2 ss ht tm pbe syscall nx rdtscp lm constant_tsc arch_perfmon pebs bts rep_good nopl xtopology nonstop_tsc aperfmperf eagerfpu pni pclmulqdq dtes64 monitor ds_cpl vmx est tm2 ssse3 cx16 xtpr pdcm pcid sse4_1 sse4_2 x2apic popcnt tsc_deadline_timer xsave avx f16c rdrand lahf_lm epb tpr_shadow vnmi flexpriority ept vpid fsgsbase smep erms xsaveopt dtherm ida arat pln pts
bugs		:
bogomips	: 4389.71
clflush size	: 64
cache_alignment	: 64
address sizes	: 36 bits physical, 48 bits virtual
power management:



Memory: 4k page, physical 3888520k(167836k free), swap 8000508k(7690172k free)

vm_info: OpenJDK 64-Bit Server VM (25.91-b14) for linux-amd64 JRE (1.8.0_91-8u91-b14-3ubuntu1~16.04.1-b14), built on Jul 21 2016 04:13:34 by "buildd" with gcc 5.3.1 20160413

time: Tue Sep 20 23:50:19 2016
elapsed time: 2 seconds (0d 0h 0m 2s)

